
Showing logs for build [32mablazleon-jxpy-pr-11-pr-build-8vl7j-1[0m stage [32mfrom-build-pack[0m and container [32mstep-credential-initializer-q7vmq[0m
{"level":"info","ts":1593184185.7662575,"logger":"fallback-logger","caller":"logging/config.go:69","msg":"Fetch GitHub commit ID from kodata failed: open /var/run/ko/refs/heads/0.8.0-ns-support: no such file or directory"}
{"level":"info","ts":1593184185.7667942,"logger":"fallback-logger","caller":"creds-init/main.go:40","msg":"Credentials initialized."}

Showing logs for build [32mablazleon-jxpy-pr-11-pr-build-8vl7j-1[0m stage [32mfrom-build-pack[0m and container [32mstep-working-dir-initializer-7jwv2[0m
{"level":"info","ts":1593184186.3030019,"logger":"fallback-logger","caller":"logging/config.go:69","msg":"Fetch GitHub commit ID from kodata failed: open /var/run/ko/HEAD: no such file or directory"}
{"level":"info","ts":1593184186.3047655,"logger":"fallback-logger","caller":"bash/main.go:64","msg":"Successfully executed command \"sh -c mkdir -p /workspace/source\"; output "}

Showing logs for build [32mablazleon-jxpy-pr-11-pr-build-8vl7j-1[0m stage [32mfrom-build-pack[0m and container [32mstep-place-tools[0m

Showing logs for build [32mablazleon-jxpy-pr-11-pr-build-8vl7j-1[0m stage [32mfrom-build-pack[0m and container [32mstep-git-source-ablazleon-jxpy-pr-11-pr-build-8vl7j-zd5sj[0m
{"level":"info","ts":1593184193.5839624,"logger":"fallback-logger","caller":"logging/config.go:69","msg":"Fetch GitHub commit ID from kodata failed: open /var/run/ko/refs/heads/0.8.0-ns-support: no such file or directory"}
{"level":"info","ts":1593184194.9344738,"logger":"fallback-logger","caller":"git/git.go:103","msg":"Successfully cloned https://github.com/*********/**py.git @ master in path /workspace/source"}

Showing logs for build [32mablazleon-jxpy-pr-11-pr-build-8vl7j-1[0m stage [32mfrom-build-pack[0m and container [32mstep-setup-builder-home[0m

Showing logs for build [32mablazleon-jxpy-pr-11-pr-build-8vl7j-1[0m stage [32mfrom-build-pack[0m and container [32mstep-git-merge[0m
Using SHAs from PULL_REFS=master:c048bc91e612e925c1c11bbe386cfacdef05cc39,11:891c5fb57cb133b02a9213b0a92e743468ec63fd
DEBUG: LC_ALL=C JX_LOG_LEVEL=error git fetch origin --unshallow 891c5fb57cb133b02a9213b0a92e743468ec63fd: c048bc91e612e925c1c11bbe386cfacdef05cc39:
DEBUG: ran git fetch --unshallow origin 891c5fb57cb133b02a9213b0a92e743468ec63fd: c048bc91e612e925c1c11bbe386cfacdef05cc39: in 
DEBUG: LC_ALL=C JX_LOG_LEVEL=error git branch
DEBUG: LC_ALL=C JX_LOG_LEVEL=error git checkout master
DEBUG: ran git checkout master in 
DEBUG: JX_LOG_LEVEL=error LC_ALL=C git reset --hard c048bc91e612e925c1c11bbe386cfacdef05cc39
DEBUG: ran git reset --hard c048bc91e612e925c1c11bbe386cfacdef05cc39 in 
DEBUG: LC_ALL=C JX_LOG_LEVEL=error git clean -fd .
DEBUG: ran clean --force -d . in 
DEBUG: LC_ALL=C JX_LOG_LEVEL=error git merge 891c5fb57cb133b02a9213b0a92e743468ec63fd
DEBUG: ran git merge 891c5fb57cb133b02a9213b0a92e743468ec63fd in 
DEBUG: JX_LOG_LEVEL=error LC_ALL=C git log --format=%H%x1f%an%x1f%ae%x1f%cn%x1f%ce%x1f%s%n%b%x1e c048bc91e612e925c1c11bbe386cfacdef05cc39..HEAD
Merged SHA 891c5fb57cb133b02a9213b0a92e743468ec63fd with commit message 'Update app.py' into base branch master

Showing logs for build [32mablazleon-jxpy-pr-11-pr-build-8vl7j-1[0m stage [32mfrom-build-pack[0m and container [32mstep-build-python-unittest[0m

----------------------------------------------------------------------
Ran 0 tests in 0.000s

OK

Showing logs for build [32mablazleon-jxpy-pr-11-pr-build-8vl7j-1[0m stage [32mfrom-build-pack[0m and container [32mstep-build-container-build[0m
E0626 15:09:59.594365       9 aws_credentials.go:77] while getting AWS credentials NoCredentialProviders: no valid providers in chain. Deprecated.
	For verbose messaging see aws.Config.CredentialsChainVerboseErrors
[36mINFO[0m[0001] Using dockerignore file: /workspace/source/.dockerignore 
[36mINFO[0m[0001] Retrieving image manifest python:onbuild     
E0626 15:10:00.007814       9 metadata.go:154] while reading 'google-dockercfg' metadata: http status code: 404 while fetching url http://metadata.google.internal./computeMetadata/v1/instance/attributes/google-dockercfg
E0626 15:10:00.011516       9 metadata.go:166] while reading 'google-dockercfg-url' metadata: http status code: 404 while fetching url http://metadata.google.internal./computeMetadata/v1/instance/attributes/google-dockercfg-url
[36mINFO[0m[0002] Retrieving image manifest python:onbuild     
[36mINFO[0m[0003] Built cross stage deps: map[]                
[36mINFO[0m[0003] Retrieving image manifest python:onbuild     
[36mINFO[0m[0004] Retrieving image manifest python:onbuild     
[36mINFO[0m[0005] Executing 3 build triggers                   
[36mINFO[0m[0005] Checking for cached layer gcr.io/envjenkinsk8udacitycapstone/cache:dc2a839bd6d525fd9783a6852939774c55dc14024a49397cd18ef840aae363e1... 
[36mINFO[0m[0006] Using caching version of cmd: COPY requirements.txt /usr/src/app/ 
[36mINFO[0m[0006] Checking for cached layer gcr.io/envjenkinsk8udacitycapstone/cache:8bf2abf0a84228eb1cc03999f3ee3ce7361230c16e28eae7af74285f6291b7d4... 
[36mINFO[0m[0006] Using caching version of cmd: RUN pip install --no-cache-dir -r requirements.txt 
[36mINFO[0m[0006] Checking for cached layer gcr.io/envjenkinsk8udacitycapstone/cache:c4365a901c191dec813a10acc214c9c0c7e6da4c34f6199fd522333d9d825a96... 
[36mINFO[0m[0007] No cached layer found for cmd COPY . /usr/src/app 
[36mINFO[0m[0007] cmd: EXPOSE                                  
[36mINFO[0m[0007] Adding exposed port: 8080/tcp                
[36mINFO[0m[0007] Unpacking rootfs as cmd COPY . /usr/src/app requires it. 
[36mINFO[0m[0025] COPY requirements.txt /usr/src/app/          
[36mINFO[0m[0025] Found cached layer, extracting to filesystem 
[36mINFO[0m[0025] RUN pip install --no-cache-dir -r requirements.txt 
[36mINFO[0m[0025] Found cached layer, extracting to filesystem 
[36mINFO[0m[0026] COPY . /usr/src/app                          
[36mINFO[0m[0026] Resolving 185 paths                          
[36mINFO[0m[0026] Taking snapshot of files...                  
[36mINFO[0m[0026] Pushing layer gcr.io/envjenkinsk8udacitycapstone/cache:c4365a901c191dec813a10acc214c9c0c7e6da4c34f6199fd522333d9d825a96 to cache now 
[36mINFO[0m[0026] COPY requirements.txt .                      
[36mINFO[0m[0026] Resolving 1 paths                            
[36mINFO[0m[0026] Taking snapshot of files...                  
[36mINFO[0m[0026] ENV PORT 8080                                
[36mINFO[0m[0026] Pushing layer gcr.io/envjenkinsk8udacitycapstone/cache:073e7d3c4453e7516058b3f30820cefe259c582476683cfb71e6d89f42e70daf to cache now 
[36mINFO[0m[0026] No files changed in this command, skipping snapshotting. 
[36mINFO[0m[0026] EXPOSE 8080                                  
[36mINFO[0m[0026] cmd: EXPOSE                                  
[36mINFO[0m[0026] Adding exposed port: 8080/tcp                
[36mINFO[0m[0026] No files changed in this command, skipping snapshotting. 
[36mINFO[0m[0026] ENTRYPOINT ["python"]                        
[36mINFO[0m[0026] No files changed in this command, skipping snapshotting. 
[36mINFO[0m[0026] CMD ["app.py"]                               
[36mINFO[0m[0026] No files changed in this command, skipping snapshotting. 

Showing logs for build [32mablazleon-jxpy-pr-11-pr-build-8vl7j-1[0m stage [32mfrom-build-pack[0m and container [32mstep-postbuild-post-build[0m
no CVE provider running in the current ** namespace so skip adding image to be analysed

Showing logs for build [32mablazleon-jxpy-pr-11-pr-build-8vl7j-1[0m stage [32mfrom-build-pack[0m and container [32mstep-promote-make-preview[0m
sed -i -e "s/version:.*/version: 0.0.0-SNAPSHOT-PR-11-1/" Chart.yaml
sed -i -e "s/version:.*/version: 0.0.0-SNAPSHOT-PR-11-1/" ../*/Chart.yaml
sed -i -e "s|repository:.*|repository: gcr.io\/envjenkinsk8udacitycapstone\/**py|" values.yaml
sed -i -e "s/tag:.*/tag: 0.0.0-SNAPSHOT-PR-11-1/" values.yaml
echo "  version: 0.0.0-SNAPSHOT-PR-11-1" >> requirements.yaml
** step helm build
WARNING: No $CHART_REPOSITORY defined so using the default value of: http://jenkins-x-chartmuseum:8080
Adding missing Helm repo: storage.googleapis.com https://storage.googleapis.com/chartmuseum.jenkins-x.io
Successfully added Helm repository storage.googleapis.com.
Adding missing Helm repo: jenkins-x-chartmuseum http://jenkins-x-chartmuseum:8080
Successfully added Helm repository jenkins-x-chartmuseum.
WARNING: No $CHART_REPOSITORY defined so using the default value of: http://jenkins-x-chartmuseum:8080
Adding missing Helm repo: chartmuseum.jenkins-x.io http://chartmuseum.jenkins-x.io
Successfully added Helm repository chartmuseum.jenkins-x.io.

Showing logs for build [32mablazleon-jxpy-pr-11-pr-build-8vl7j-1[0m stage [32mfrom-build-pack[0m and container [32mstep-promote-jx-preview[0m
Creating a preview
Found commit author match for: ********* with email address: adrian.blazquez.leon@alumnos.upm.es
Created environment *********-**py-pr-11
Namespace **-*********-**py-pr-11 created 
expose:
  Annotations:
    helm.sh/hook: post-install,post-upgrade
    helm.sh/hook-delete-policy: hook-succeeded
  config:
    domain: 34.91.102.68.nip.io
    exposer: Ingress
    http: "true"
preview:
  image:
    repository: gcr.io/envjenkinsk8udacitycapstone/**py
    tag: 0.0.0-SNAPSHOT-PR-11-1

Updating PipelineActivities *********-**py-pr-11-1 which has status Running
Preview application is now available at: http://**py.**-*********-**py-pr-11.34.91.102.68.nip.io
