
Showing logs for build [32mablazleon-jxpy-pr-29-pr-build-7z2nk-3[0m stage [32mfrom-build-pack[0m and container [32mstep-credential-initializer-dn4jh[0m
{"level":"info","ts":1593209101.1907277,"logger":"fallback-logger","caller":"logging/config.go:69","msg":"Fetch GitHub commit ID from kodata failed: open /var/run/ko/refs/heads/0.8.0-ns-support: no such file or directory"}
{"level":"info","ts":1593209101.1912768,"logger":"fallback-logger","caller":"creds-init/main.go:40","msg":"Credentials initialized."}

Showing logs for build [32mablazleon-jxpy-pr-29-pr-build-7z2nk-3[0m stage [32mfrom-build-pack[0m and container [32mstep-working-dir-initializer-pt55q[0m
{"level":"info","ts":1593209102.9616501,"logger":"fallback-logger","caller":"logging/config.go:69","msg":"Fetch GitHub commit ID from kodata failed: open /var/run/ko/HEAD: no such file or directory"}
{"level":"info","ts":1593209102.9725757,"logger":"fallback-logger","caller":"bash/main.go:64","msg":"Successfully executed command \"sh -c mkdir -p /workspace/source\"; output "}

Showing logs for build [32mablazleon-jxpy-pr-29-pr-build-7z2nk-3[0m stage [32mfrom-build-pack[0m and container [32mstep-place-tools[0m

Showing logs for build [32mablazleon-jxpy-pr-29-pr-build-7z2nk-3[0m stage [32mfrom-build-pack[0m and container [32mstep-git-source-ablazleon-jxpy-pr-29-pr-build-7z2nk-fw8kq[0m
{"level":"info","ts":1593209113.1948986,"logger":"fallback-logger","caller":"logging/config.go:69","msg":"Fetch GitHub commit ID from kodata failed: open /var/run/ko/refs/heads/0.8.0-ns-support: no such file or directory"}
{"level":"info","ts":1593209115.1022716,"logger":"fallback-logger","caller":"git/git.go:103","msg":"Successfully cloned https://github.com/*********/**py.git @ master in path /workspace/source"}

Showing logs for build [32mablazleon-jxpy-pr-29-pr-build-7z2nk-3[0m stage [32mfrom-build-pack[0m and container [32mstep-setup-builder-home[0m

Showing logs for build [32mablazleon-jxpy-pr-29-pr-build-7z2nk-3[0m stage [32mfrom-build-pack[0m and container [32mstep-git-merge[0m
Using SHAs from PULL_REFS=master:59a072f85f7ed2a351f748eb0fa64177f777c222,29:0ff7807ed892e94b7468b13f122ae63bd1b25350
DEBUG: LC_ALL=C JX_LOG_LEVEL=error git fetch origin --unshallow 0ff7807ed892e94b7468b13f122ae63bd1b25350: 59a072f85f7ed2a351f748eb0fa64177f777c222:
DEBUG: ran git fetch --unshallow origin 0ff7807ed892e94b7468b13f122ae63bd1b25350: 59a072f85f7ed2a351f748eb0fa64177f777c222: in 
DEBUG: LC_ALL=C JX_LOG_LEVEL=error git branch
DEBUG: LC_ALL=C JX_LOG_LEVEL=error git checkout master
DEBUG: ran git checkout master in 
DEBUG: LC_ALL=C JX_LOG_LEVEL=error git reset --hard 59a072f85f7ed2a351f748eb0fa64177f777c222
DEBUG: ran git reset --hard 59a072f85f7ed2a351f748eb0fa64177f777c222 in 
DEBUG: LC_ALL=C JX_LOG_LEVEL=error git clean -fd .
DEBUG: ran clean --force -d . in 
DEBUG: LC_ALL=C JX_LOG_LEVEL=error git merge 0ff7807ed892e94b7468b13f122ae63bd1b25350
DEBUG: ran git merge 0ff7807ed892e94b7468b13f122ae63bd1b25350 in 
DEBUG: LC_ALL=C JX_LOG_LEVEL=error git log --format=%H%x1f%an%x1f%ae%x1f%cn%x1f%ce%x1f%s%n%b%x1e 59a072f85f7ed2a351f748eb0fa64177f777c222..HEAD
Merged SHA 0ff7807ed892e94b7468b13f122ae63bd1b25350 with commit message 'Merge branch 'master' into *********-patch-28' into base branch master
Merged SHA 66a07b2c8716a172e1475bca5dfbd53c771ca852 with commit message 'Merge branch 'master' into *********-patch-28' into base branch master
Merged SHA 1297979400e1bc4094c92659ef475bd72ce2422d with commit message 'Update README.md' into base branch master

Showing logs for build [32mablazleon-jxpy-pr-29-pr-build-7z2nk-3[0m stage [32mfrom-build-pack[0m and container [32mstep-build-python-unittest[0m

----------------------------------------------------------------------
Ran 0 tests in 0.000s

OK

Showing logs for build [32mablazleon-jxpy-pr-29-pr-build-7z2nk-3[0m stage [32mfrom-build-pack[0m and container [32mstep-build-container-build[0m
E0626 22:05:20.987132      10 aws_credentials.go:77] while getting AWS credentials NoCredentialProviders: no valid providers in chain. Deprecated.
	For verbose messaging see aws.Config.CredentialsChainVerboseErrors
[36mINFO[0m[0001] Using dockerignore file: /workspace/source/.dockerignore 
[36mINFO[0m[0001] Retrieving image manifest python:onbuild     
E0626 22:05:21.625726      10 metadata.go:154] while reading 'google-dockercfg' metadata: http status code: 404 while fetching url http://metadata.google.internal./computeMetadata/v1/instance/attributes/google-dockercfg
E0626 22:05:21.633786      10 metadata.go:166] while reading 'google-dockercfg-url' metadata: http status code: 404 while fetching url http://metadata.google.internal./computeMetadata/v1/instance/attributes/google-dockercfg-url
[36mINFO[0m[0003] Retrieving image manifest python:onbuild     
[36mINFO[0m[0004] Built cross stage deps: map[]                
[36mINFO[0m[0004] Retrieving image manifest python:onbuild     
[36mINFO[0m[0005] Retrieving image manifest python:onbuild     
[36mINFO[0m[0007] Executing 3 build triggers                   
[36mINFO[0m[0007] Checking for cached layer gcr.io/envjenkinsk8udacitycapstone/cache:dc2a839bd6d525fd9783a6852939774c55dc14024a49397cd18ef840aae363e1... 
[36mINFO[0m[0007] Using caching version of cmd: COPY requirements.txt /usr/src/app/ 
[36mINFO[0m[0007] Checking for cached layer gcr.io/envjenkinsk8udacitycapstone/cache:8bf2abf0a84228eb1cc03999f3ee3ce7361230c16e28eae7af74285f6291b7d4... 
[36mINFO[0m[0008] Using caching version of cmd: RUN pip install --no-cache-dir -r requirements.txt 
[36mINFO[0m[0008] Checking for cached layer gcr.io/envjenkinsk8udacitycapstone/cache:ea92a500b10f5fc9c6f02a6e7514d07bc24fb3ec6a43785f3a9d859c7181f50b... 
[36mINFO[0m[0008] No cached layer found for cmd COPY . /usr/src/app 
[36mINFO[0m[0008] cmd: EXPOSE                                  
[36mINFO[0m[0008] Adding exposed port: 8080/tcp                
[36mINFO[0m[0008] Unpacking rootfs as cmd COPY . /usr/src/app requires it. 
[36mINFO[0m[0027] COPY requirements.txt /usr/src/app/          
[36mINFO[0m[0027] Found cached layer, extracting to filesystem 
[36mINFO[0m[0028] RUN pip install --no-cache-dir -r requirements.txt 
[36mINFO[0m[0028] Found cached layer, extracting to filesystem 
[36mINFO[0m[0028] COPY . /usr/src/app                          
[36mINFO[0m[0028] Resolving 131 paths                          
[36mINFO[0m[0028] Taking snapshot of files...                  
[36mINFO[0m[0028] COPY requirements.txt .                      
[36mINFO[0m[0028] Pushing layer gcr.io/envjenkinsk8udacitycapstone/cache:ea92a500b10f5fc9c6f02a6e7514d07bc24fb3ec6a43785f3a9d859c7181f50b to cache now 
[36mINFO[0m[0028] Resolving 1 paths                            
[36mINFO[0m[0028] Taking snapshot of files...                  
[36mINFO[0m[0028] ENV PORT 8080                                
[36mINFO[0m[0028] Pushing layer gcr.io/envjenkinsk8udacitycapstone/cache:dee097de32d6c95aa1a7f6bec6fef51cbd7ece9866b360631b002298a7d65702 to cache now 
[36mINFO[0m[0028] No files changed in this command, skipping snapshotting. 
[36mINFO[0m[0028] EXPOSE 8080                                  
[36mINFO[0m[0028] cmd: EXPOSE                                  
[36mINFO[0m[0028] Adding exposed port: 8080/tcp                
[36mINFO[0m[0028] No files changed in this command, skipping snapshotting. 
[36mINFO[0m[0028] ENTRYPOINT ["python"]                        
[36mINFO[0m[0028] No files changed in this command, skipping snapshotting. 
[36mINFO[0m[0028] CMD ["app.py"]                               
[36mINFO[0m[0028] No files changed in this command, skipping snapshotting. 

Showing logs for build [32mablazleon-jxpy-pr-29-pr-build-7z2nk-3[0m stage [32mfrom-build-pack[0m and container [32mstep-postbuild-post-build[0m
no CVE provider running in the current ** namespace so skip adding image to be analysed

Showing logs for build [32mablazleon-jxpy-pr-29-pr-build-7z2nk-3[0m stage [32mfrom-build-pack[0m and container [32mstep-promote-make-preview[0m
sed -i -e "s/version:.*/version: 0.0.0-SNAPSHOT-PR-29-3/" Chart.yaml
sed -i -e "s/version:.*/version: 0.0.0-SNAPSHOT-PR-29-3/" ../*/Chart.yaml
sed -i -e "s|repository:.*|repository: gcr.io\/envjenkinsk8udacitycapstone\/**py|" values.yaml
sed -i -e "s/tag:.*/tag: 0.0.0-SNAPSHOT-PR-29-3/" values.yaml
echo "  version: 0.0.0-SNAPSHOT-PR-29-3" >> requirements.yaml
** step helm build
WARNING: No $CHART_REPOSITORY defined so using the default value of: http://jenkins-x-chartmuseum:8080
Adding missing Helm repo: storage.googleapis.com https://storage.googleapis.com/chartmuseum.jenkins-x.io
Successfully added Helm repository storage.googleapis.com.
Adding missing Helm repo: jenkins-x-chartmuseum http://jenkins-x-chartmuseum:8080
Successfully added Helm repository jenkins-x-chartmuseum.
WARNING: No $CHART_REPOSITORY defined so using the default value of: http://jenkins-x-chartmuseum:8080
Adding missing Helm repo: chartmuseum.jenkins-x.io http://chartmuseum.jenkins-x.io
Successfully added Helm repository chartmuseum.jenkins-x.io.

Showing logs for build [32mablazleon-jxpy-pr-29-pr-build-7z2nk-3[0m stage [32mfrom-build-pack[0m and container [32mstep-promote-jx-preview[0m
Creating a preview
Found commit author match for: ********* with email address: adrian.blazquez.leon@alumnos.upm.es
expose:
  Annotations:
    helm.sh/hook: post-install,post-upgrade
    helm.sh/hook-delete-policy: hook-succeeded
  config:
    domain: 34.91.102.68.nip.io
    exposer: Ingress
    http: "true"
preview:
  image:
    repository: gcr.io/envjenkinsk8udacitycapstone/**py
    tag: 0.0.0-SNAPSHOT-PR-29-3

error: failed to run 'kubectl delete -f /tmp/helm-template-workdir-670170432/preview/helmHooks/preview/charts/expose/templates/part0-job.yaml --namespace **-*********-**py-pr-29 --wait' command in directory '', output: 'Error from server (NotFound): error when deleting "/tmp/helm-template-workdir-670170432/preview/helmHooks/preview/charts/expose/templates/part0-job.yaml": jobs.batch "expose" not found'
[31m
Pipeline failed on stage 'from-build-pack' : container 'step-promote-jx-preview'. The execution of the pipeline has stopped.[0m
