
Showing logs for build [32mablazleon-jxpy-pr-10-pr-build-gr7zk-1[0m stage [32mfrom-build-pack[0m and container [32mstep-credential-initializer-bq7k5[0m
{"level":"info","ts":1593184079.449156,"logger":"fallback-logger","caller":"logging/config.go:69","msg":"Fetch GitHub commit ID from kodata failed: open /var/run/ko/refs/heads/0.8.0-ns-support: no such file or directory"}
{"level":"info","ts":1593184079.449686,"logger":"fallback-logger","caller":"creds-init/main.go:40","msg":"Credentials initialized."}

Showing logs for build [32mablazleon-jxpy-pr-10-pr-build-gr7zk-1[0m stage [32mfrom-build-pack[0m and container [32mstep-working-dir-initializer-gt4z8[0m
{"level":"info","ts":1593184080.4551756,"logger":"fallback-logger","caller":"logging/config.go:69","msg":"Fetch GitHub commit ID from kodata failed: open /var/run/ko/HEAD: no such file or directory"}
{"level":"info","ts":1593184080.4570072,"logger":"fallback-logger","caller":"bash/main.go:64","msg":"Successfully executed command \"sh -c mkdir -p /workspace/source\"; output "}

Showing logs for build [32mablazleon-jxpy-pr-10-pr-build-gr7zk-1[0m stage [32mfrom-build-pack[0m and container [32mstep-place-tools[0m

Showing logs for build [32mablazleon-jxpy-pr-10-pr-build-gr7zk-1[0m stage [32mfrom-build-pack[0m and container [32mstep-git-source-ablazleon-jxpy-pr-10-pr-build-gr7zk-gjjb9[0m
{"level":"info","ts":1593184087.5927124,"logger":"fallback-logger","caller":"logging/config.go:69","msg":"Fetch GitHub commit ID from kodata failed: open /var/run/ko/refs/heads/0.8.0-ns-support: no such file or directory"}
{"level":"info","ts":1593184089.7292645,"logger":"fallback-logger","caller":"git/git.go:103","msg":"Successfully cloned https://github.com/*********/**py.git @ master in path /workspace/source"}

Showing logs for build [32mablazleon-jxpy-pr-10-pr-build-gr7zk-1[0m stage [32mfrom-build-pack[0m and container [32mstep-setup-builder-home[0m

Showing logs for build [32mablazleon-jxpy-pr-10-pr-build-gr7zk-1[0m stage [32mfrom-build-pack[0m and container [32mstep-git-merge[0m
Using SHAs from PULL_REFS=master:374db5b212a069005075062491a3c41f7cb6f739,10:bc90b8da4963d631fc141ca1874002ef94d7213a
DEBUG: LC_ALL=C JX_LOG_LEVEL=error git fetch origin --unshallow bc90b8da4963d631fc141ca1874002ef94d7213a: 374db5b212a069005075062491a3c41f7cb6f739:
DEBUG: ran git fetch --unshallow origin bc90b8da4963d631fc141ca1874002ef94d7213a: 374db5b212a069005075062491a3c41f7cb6f739: in 
DEBUG: LC_ALL=C JX_LOG_LEVEL=error git branch
DEBUG: JX_LOG_LEVEL=error LC_ALL=C git checkout master
DEBUG: ran git checkout master in 
DEBUG: LC_ALL=C JX_LOG_LEVEL=error git reset --hard 374db5b212a069005075062491a3c41f7cb6f739
DEBUG: ran git reset --hard 374db5b212a069005075062491a3c41f7cb6f739 in 
DEBUG: LC_ALL=C JX_LOG_LEVEL=error git clean -fd .
DEBUG: ran clean --force -d . in 
DEBUG: LC_ALL=C JX_LOG_LEVEL=error git merge bc90b8da4963d631fc141ca1874002ef94d7213a
DEBUG: ran git merge bc90b8da4963d631fc141ca1874002ef94d7213a in 
DEBUG: JX_LOG_LEVEL=error LC_ALL=C git log --format=%H%x1f%an%x1f%ae%x1f%cn%x1f%ce%x1f%s%n%b%x1e 374db5b212a069005075062491a3c41f7cb6f739..HEAD
Merged SHA bc90b8da4963d631fc141ca1874002ef94d7213a with commit message 'Update app.py' into base branch master

Showing logs for build [32mablazleon-jxpy-pr-10-pr-build-gr7zk-1[0m stage [32mfrom-build-pack[0m and container [32mstep-build-python-unittest[0m

----------------------------------------------------------------------
Ran 0 tests in 0.000s

OK

Showing logs for build [32mablazleon-jxpy-pr-10-pr-build-gr7zk-1[0m stage [32mfrom-build-pack[0m and container [32mstep-build-container-build[0m
E0626 15:08:13.684707      11 aws_credentials.go:77] while getting AWS credentials NoCredentialProviders: no valid providers in chain. Deprecated.
	For verbose messaging see aws.Config.CredentialsChainVerboseErrors
[36mINFO[0m[0001] Using dockerignore file: /workspace/source/.dockerignore 
[36mINFO[0m[0001] Retrieving image manifest python:onbuild     
E0626 15:08:14.075847      11 metadata.go:154] while reading 'google-dockercfg' metadata: http status code: 404 while fetching url http://metadata.google.internal./computeMetadata/v1/instance/attributes/google-dockercfg
E0626 15:08:14.079026      11 metadata.go:166] while reading 'google-dockercfg-url' metadata: http status code: 404 while fetching url http://metadata.google.internal./computeMetadata/v1/instance/attributes/google-dockercfg-url
[36mINFO[0m[0002] Retrieving image manifest python:onbuild     
[36mINFO[0m[0003] Built cross stage deps: map[]                
[36mINFO[0m[0003] Retrieving image manifest python:onbuild     
[36mINFO[0m[0004] Retrieving image manifest python:onbuild     
[36mINFO[0m[0005] Executing 3 build triggers                   
[36mINFO[0m[0005] Checking for cached layer gcr.io/envjenkinsk8udacitycapstone/cache:dc2a839bd6d525fd9783a6852939774c55dc14024a49397cd18ef840aae363e1... 
[36mINFO[0m[0006] Using caching version of cmd: COPY requirements.txt /usr/src/app/ 
[36mINFO[0m[0006] Checking for cached layer gcr.io/envjenkinsk8udacitycapstone/cache:8bf2abf0a84228eb1cc03999f3ee3ce7361230c16e28eae7af74285f6291b7d4... 
[36mINFO[0m[0006] Using caching version of cmd: RUN pip install --no-cache-dir -r requirements.txt 
[36mINFO[0m[0006] Checking for cached layer gcr.io/envjenkinsk8udacitycapstone/cache:9b37f9e7e86b3a5510ae4a0e554da34bfe170c849b78be3360f279f9085fcf0c... 
[36mINFO[0m[0007] No cached layer found for cmd COPY . /usr/src/app 
[36mINFO[0m[0007] cmd: EXPOSE                                  
[36mINFO[0m[0007] Adding exposed port: 8080/tcp                
[36mINFO[0m[0007] Unpacking rootfs as cmd COPY . /usr/src/app requires it. 
[36mINFO[0m[0029] COPY requirements.txt /usr/src/app/          
[36mINFO[0m[0029] Found cached layer, extracting to filesystem 
[36mINFO[0m[0029] RUN pip install --no-cache-dir -r requirements.txt 
[36mINFO[0m[0029] Found cached layer, extracting to filesystem 
[36mINFO[0m[0030] COPY . /usr/src/app                          
[36mINFO[0m[0030] Resolving 178 paths                          
[36mINFO[0m[0030] Taking snapshot of files...                  
[36mINFO[0m[0030] COPY requirements.txt .                      
[36mINFO[0m[0030] Pushing layer gcr.io/envjenkinsk8udacitycapstone/cache:9b37f9e7e86b3a5510ae4a0e554da34bfe170c849b78be3360f279f9085fcf0c to cache now 
[36mINFO[0m[0030] Resolving 1 paths                            
[36mINFO[0m[0030] Taking snapshot of files...                  
[36mINFO[0m[0030] ENV PORT 8080                                
[36mINFO[0m[0030] No files changed in this command, skipping snapshotting. 
[36mINFO[0m[0030] EXPOSE 8080                                  
[36mINFO[0m[0030] cmd: EXPOSE                                  
[36mINFO[0m[0030] Adding exposed port: 8080/tcp                
[36mINFO[0m[0030] No files changed in this command, skipping snapshotting. 
[36mINFO[0m[0030] ENTRYPOINT ["python"]                        
[36mINFO[0m[0030] No files changed in this command, skipping snapshotting. 
[36mINFO[0m[0030] CMD ["app.py"]                               
[36mINFO[0m[0030] No files changed in this command, skipping snapshotting. 
[36mINFO[0m[0030] Pushing layer gcr.io/envjenkinsk8udacitycapstone/cache:1d6d223321dbcdfac00c9b06fcf51ef7bfa85ff434d0b915104783981bab2162 to cache now 

Showing logs for build [32mablazleon-jxpy-pr-10-pr-build-gr7zk-1[0m stage [32mfrom-build-pack[0m and container [32mstep-postbuild-post-build[0m
no CVE provider running in the current ** namespace so skip adding image to be analysed

Showing logs for build [32mablazleon-jxpy-pr-10-pr-build-gr7zk-1[0m stage [32mfrom-build-pack[0m and container [32mstep-promote-make-preview[0m
sed -i -e "s/version:.*/version: 0.0.0-SNAPSHOT-PR-10-1/" Chart.yaml
sed -i -e "s/version:.*/version: 0.0.0-SNAPSHOT-PR-10-1/" ../*/Chart.yaml
sed -i -e "s|repository:.*|repository: gcr.io\/envjenkinsk8udacitycapstone\/**py|" values.yaml
sed -i -e "s/tag:.*/tag: 0.0.0-SNAPSHOT-PR-10-1/" values.yaml
echo "  version: 0.0.0-SNAPSHOT-PR-10-1" >> requirements.yaml
** step helm build
WARNING: No $CHART_REPOSITORY defined so using the default value of: http://jenkins-x-chartmuseum:8080
Adding missing Helm repo: storage.googleapis.com https://storage.googleapis.com/chartmuseum.jenkins-x.io
Successfully added Helm repository storage.googleapis.com.
Adding missing Helm repo: jenkins-x-chartmuseum http://jenkins-x-chartmuseum:8080
Successfully added Helm repository jenkins-x-chartmuseum.
WARNING: No $CHART_REPOSITORY defined so using the default value of: http://jenkins-x-chartmuseum:8080
Adding missing Helm repo: chartmuseum.jenkins-x.io http://chartmuseum.jenkins-x.io
Successfully added Helm repository chartmuseum.jenkins-x.io.

Showing logs for build [32mablazleon-jxpy-pr-10-pr-build-gr7zk-1[0m stage [32mfrom-build-pack[0m and container [32mstep-promote-jx-preview[0m
Creating a preview
Found commit author match for: ********* with email address: adrian.blazquez.leon@alumnos.upm.es
Created environment *********-**py-pr-10
Namespace **-*********-**py-pr-10 created 
expose:
  Annotations:
    helm.sh/hook: post-install,post-upgrade
    helm.sh/hook-delete-policy: hook-succeeded
  config:
    domain: 34.91.102.68.nip.io
    exposer: Ingress
    http: "true"
preview:
  image:
    repository: gcr.io/envjenkinsk8udacitycapstone/**py
    tag: 0.0.0-SNAPSHOT-PR-10-1

Updating PipelineActivities *********-**py-pr-10-1 which has status Running
Preview application is now available at: http://**py.**-*********-**py-pr-10.34.91.102.68.nip.io
