
Showing logs for build [32mablazleon-jxpy-pr-8-pr-build-jzvrw-1[0m stage [32mfrom-build-pack[0m and container [32mstep-credential-initializer-jrl88[0m
{"level":"info","ts":1593183669.3391762,"logger":"fallback-logger","caller":"logging/config.go:69","msg":"Fetch GitHub commit ID from kodata failed: open /var/run/ko/refs/heads/0.8.0-ns-support: no such file or directory"}
{"level":"info","ts":1593183669.3400311,"logger":"fallback-logger","caller":"creds-init/main.go:40","msg":"Credentials initialized."}

Showing logs for build [32mablazleon-jxpy-pr-8-pr-build-jzvrw-1[0m stage [32mfrom-build-pack[0m and container [32mstep-working-dir-initializer-tvn4d[0m
{"level":"info","ts":1593183670.3228998,"logger":"fallback-logger","caller":"logging/config.go:69","msg":"Fetch GitHub commit ID from kodata failed: open /var/run/ko/HEAD: no such file or directory"}
{"level":"info","ts":1593183670.3290915,"logger":"fallback-logger","caller":"bash/main.go:64","msg":"Successfully executed command \"sh -c mkdir -p /workspace/source\"; output "}

Showing logs for build [32mablazleon-jxpy-pr-8-pr-build-jzvrw-1[0m stage [32mfrom-build-pack[0m and container [32mstep-place-tools[0m

Showing logs for build [32mablazleon-jxpy-pr-8-pr-build-jzvrw-1[0m stage [32mfrom-build-pack[0m and container [32mstep-git-source-ablazleon-jxpy-pr-8-pr-build-jzvrw-st9q4[0m
{"level":"info","ts":1593183676.3972738,"logger":"fallback-logger","caller":"logging/config.go:69","msg":"Fetch GitHub commit ID from kodata failed: open /var/run/ko/refs/heads/0.8.0-ns-support: no such file or directory"}
{"level":"info","ts":1593183677.6947858,"logger":"fallback-logger","caller":"git/git.go:103","msg":"Successfully cloned https://github.com/*********/**py.git @ master in path /workspace/source"}

Showing logs for build [32mablazleon-jxpy-pr-8-pr-build-jzvrw-1[0m stage [32mfrom-build-pack[0m and container [32mstep-setup-builder-home[0m

Showing logs for build [32mablazleon-jxpy-pr-8-pr-build-jzvrw-1[0m stage [32mfrom-build-pack[0m and container [32mstep-git-merge[0m
Using SHAs from PULL_REFS=master:f91e6ea2a7e073ebe0a3bc48c1886fd60de4a1a2,8:9b6ad1194d2a46f2f672a0bd7f308db121021186
DEBUG: LC_ALL=C JX_LOG_LEVEL=error git fetch origin --unshallow 9b6ad1194d2a46f2f672a0bd7f308db121021186: f91e6ea2a7e073ebe0a3bc48c1886fd60de4a1a2:
DEBUG: ran git fetch --unshallow origin 9b6ad1194d2a46f2f672a0bd7f308db121021186: f91e6ea2a7e073ebe0a3bc48c1886fd60de4a1a2: in 
DEBUG: LC_ALL=C JX_LOG_LEVEL=error git branch
DEBUG: LC_ALL=C JX_LOG_LEVEL=error git checkout master
DEBUG: ran git checkout master in 
DEBUG: LC_ALL=C JX_LOG_LEVEL=error git reset --hard f91e6ea2a7e073ebe0a3bc48c1886fd60de4a1a2
DEBUG: ran git reset --hard f91e6ea2a7e073ebe0a3bc48c1886fd60de4a1a2 in 
DEBUG: LC_ALL=C JX_LOG_LEVEL=error git clean -fd .
DEBUG: ran clean --force -d . in 
DEBUG: LC_ALL=C JX_LOG_LEVEL=error git merge 9b6ad1194d2a46f2f672a0bd7f308db121021186
DEBUG: ran git merge 9b6ad1194d2a46f2f672a0bd7f308db121021186 in 
DEBUG: JX_LOG_LEVEL=error LC_ALL=C git log --format=%H%x1f%an%x1f%ae%x1f%cn%x1f%ce%x1f%s%n%b%x1e f91e6ea2a7e073ebe0a3bc48c1886fd60de4a1a2..HEAD
Merged SHA 9b6ad1194d2a46f2f672a0bd7f308db121021186 with commit message 'Update app.py' into base branch master

Showing logs for build [32mablazleon-jxpy-pr-8-pr-build-jzvrw-1[0m stage [32mfrom-build-pack[0m and container [32mstep-build-python-unittest[0m

----------------------------------------------------------------------
Ran 0 tests in 0.000s

OK

Showing logs for build [32mablazleon-jxpy-pr-8-pr-build-jzvrw-1[0m stage [32mfrom-build-pack[0m and container [32mstep-build-container-build[0m
E0626 15:01:22.290038       9 aws_credentials.go:77] while getting AWS credentials NoCredentialProviders: no valid providers in chain. Deprecated.
	For verbose messaging see aws.Config.CredentialsChainVerboseErrors
[36mINFO[0m[0001] Using dockerignore file: /workspace/source/.dockerignore 
[36mINFO[0m[0001] Retrieving image manifest python:onbuild     
E0626 15:01:22.652175       9 metadata.go:154] while reading 'google-dockercfg' metadata: http status code: 404 while fetching url http://metadata.google.internal./computeMetadata/v1/instance/attributes/google-dockercfg
E0626 15:01:22.654877       9 metadata.go:166] while reading 'google-dockercfg-url' metadata: http status code: 404 while fetching url http://metadata.google.internal./computeMetadata/v1/instance/attributes/google-dockercfg-url
[36mINFO[0m[0002] Retrieving image manifest python:onbuild     
[36mINFO[0m[0003] Built cross stage deps: map[]                
[36mINFO[0m[0003] Retrieving image manifest python:onbuild     
[36mINFO[0m[0004] Retrieving image manifest python:onbuild     
[36mINFO[0m[0005] Executing 3 build triggers                   
[36mINFO[0m[0005] Checking for cached layer gcr.io/envjenkinsk8udacitycapstone/cache:dc2a839bd6d525fd9783a6852939774c55dc14024a49397cd18ef840aae363e1... 
[36mINFO[0m[0006] Using caching version of cmd: COPY requirements.txt /usr/src/app/ 
[36mINFO[0m[0006] Checking for cached layer gcr.io/envjenkinsk8udacitycapstone/cache:8bf2abf0a84228eb1cc03999f3ee3ce7361230c16e28eae7af74285f6291b7d4... 
[36mINFO[0m[0006] Using caching version of cmd: RUN pip install --no-cache-dir -r requirements.txt 
[36mINFO[0m[0006] Checking for cached layer gcr.io/envjenkinsk8udacitycapstone/cache:06423b215e7fff17c22e3add6a8d9558b52e10a5f7787bf0f94a6ebb397f2d6a... 
[36mINFO[0m[0007] No cached layer found for cmd COPY . /usr/src/app 
[36mINFO[0m[0007] cmd: EXPOSE                                  
[36mINFO[0m[0007] Adding exposed port: 8080/tcp                
[36mINFO[0m[0007] Unpacking rootfs as cmd COPY . /usr/src/app requires it. 
[36mINFO[0m[0023] COPY requirements.txt /usr/src/app/          
[36mINFO[0m[0023] Found cached layer, extracting to filesystem 
[36mINFO[0m[0023] RUN pip install --no-cache-dir -r requirements.txt 
[36mINFO[0m[0023] Found cached layer, extracting to filesystem 
[36mINFO[0m[0023] COPY . /usr/src/app                          
[36mINFO[0m[0023] Resolving 164 paths                          
[36mINFO[0m[0023] Taking snapshot of files...                  
[36mINFO[0m[0023] COPY requirements.txt .                      
[36mINFO[0m[0023] Resolving 1 paths                            
[36mINFO[0m[0023] Taking snapshot of files...                  
[36mINFO[0m[0023] Pushing layer gcr.io/envjenkinsk8udacitycapstone/cache:06423b215e7fff17c22e3add6a8d9558b52e10a5f7787bf0f94a6ebb397f2d6a to cache now 
[36mINFO[0m[0023] ENV PORT 8080                                
[36mINFO[0m[0023] No files changed in this command, skipping snapshotting. 
[36mINFO[0m[0023] EXPOSE 8080                                  
[36mINFO[0m[0023] cmd: EXPOSE                                  
[36mINFO[0m[0023] Adding exposed port: 8080/tcp                
[36mINFO[0m[0023] No files changed in this command, skipping snapshotting. 
[36mINFO[0m[0023] ENTRYPOINT ["python"]                        
[36mINFO[0m[0023] No files changed in this command, skipping snapshotting. 
[36mINFO[0m[0023] CMD ["app.py"]                               
[36mINFO[0m[0023] No files changed in this command, skipping snapshotting. 
[36mINFO[0m[0023] Pushing layer gcr.io/envjenkinsk8udacitycapstone/cache:a2fad448305184e75dd4cb6c0c466da8c7310e835a6b1378aaa1478cc86d60f5 to cache now 

Showing logs for build [32mablazleon-jxpy-pr-8-pr-build-jzvrw-1[0m stage [32mfrom-build-pack[0m and container [32mstep-postbuild-post-build[0m
no CVE provider running in the current ** namespace so skip adding image to be analysed

Showing logs for build [32mablazleon-jxpy-pr-8-pr-build-jzvrw-1[0m stage [32mfrom-build-pack[0m and container [32mstep-promote-make-preview[0m
sed -i -e "s/version:.*/version: 0.0.0-SNAPSHOT-PR-8-1/" Chart.yaml
sed -i -e "s/version:.*/version: 0.0.0-SNAPSHOT-PR-8-1/" ../*/Chart.yaml
sed -i -e "s|repository:.*|repository: gcr.io\/envjenkinsk8udacitycapstone\/**py|" values.yaml
sed -i -e "s/tag:.*/tag: 0.0.0-SNAPSHOT-PR-8-1/" values.yaml
echo "  version: 0.0.0-SNAPSHOT-PR-8-1" >> requirements.yaml
** step helm build
WARNING: No $CHART_REPOSITORY defined so using the default value of: http://jenkins-x-chartmuseum:8080
Adding missing Helm repo: storage.googleapis.com https://storage.googleapis.com/chartmuseum.jenkins-x.io
Successfully added Helm repository storage.googleapis.com.
Adding missing Helm repo: jenkins-x-chartmuseum http://jenkins-x-chartmuseum:8080
Successfully added Helm repository jenkins-x-chartmuseum.
WARNING: No $CHART_REPOSITORY defined so using the default value of: http://jenkins-x-chartmuseum:8080
Adding missing Helm repo: chartmuseum.jenkins-x.io http://chartmuseum.jenkins-x.io
Successfully added Helm repository chartmuseum.jenkins-x.io.

Showing logs for build [32mablazleon-jxpy-pr-8-pr-build-jzvrw-1[0m stage [32mfrom-build-pack[0m and container [32mstep-promote-jx-preview[0m
Creating a preview
Found commit author match for: ********* with email address: adrian.blazquez.leon@alumnos.upm.es
Created environment *********-**py-pr-8
Namespace **-*********-**py-pr-8 created 
expose:
  Annotations:
    helm.sh/hook: post-install,post-upgrade
    helm.sh/hook-delete-policy: hook-succeeded
  config:
    domain: 34.91.102.68.nip.io
    exposer: Ingress
    http: "true"
preview:
  image:
    repository: gcr.io/envjenkinsk8udacitycapstone/**py
    tag: 0.0.0-SNAPSHOT-PR-8-1

Updating PipelineActivities *********-**py-pr-8-1 which has status Running
Preview application is now available at: http://**py.**-*********-**py-pr-8.34.91.102.68.nip.io
