
Showing logs for build [32mablazleon-jxpy-pr-22-pr-build-8cr62-1[0m stage [32mfrom-build-pack[0m and container [32mstep-credential-initializer-hc8fb[0m
{"level":"info","ts":1593187723.5219219,"logger":"fallback-logger","caller":"logging/config.go:69","msg":"Fetch GitHub commit ID from kodata failed: open /var/run/ko/refs/heads/0.8.0-ns-support: no such file or directory"}
{"level":"info","ts":1593187723.522757,"logger":"fallback-logger","caller":"creds-init/main.go:40","msg":"Credentials initialized."}

Showing logs for build [32mablazleon-jxpy-pr-22-pr-build-8cr62-1[0m stage [32mfrom-build-pack[0m and container [32mstep-working-dir-initializer-trlnw[0m
{"level":"info","ts":1593187723.9880903,"logger":"fallback-logger","caller":"logging/config.go:69","msg":"Fetch GitHub commit ID from kodata failed: open /var/run/ko/HEAD: no such file or directory"}
{"level":"info","ts":1593187723.9912596,"logger":"fallback-logger","caller":"bash/main.go:64","msg":"Successfully executed command \"sh -c mkdir -p /workspace/source\"; output "}

Showing logs for build [32mablazleon-jxpy-pr-22-pr-build-8cr62-1[0m stage [32mfrom-build-pack[0m and container [32mstep-place-tools[0m

Showing logs for build [32mablazleon-jxpy-pr-22-pr-build-8cr62-1[0m stage [32mfrom-build-pack[0m and container [32mstep-git-source-ablazleon-jxpy-pr-22-pr-build-8cr62-khwsf[0m
{"level":"info","ts":1593187731.3266912,"logger":"fallback-logger","caller":"logging/config.go:69","msg":"Fetch GitHub commit ID from kodata failed: open /var/run/ko/refs/heads/0.8.0-ns-support: no such file or directory"}
{"level":"info","ts":1593187733.5142746,"logger":"fallback-logger","caller":"git/git.go:103","msg":"Successfully cloned https://github.com/*********/**py.git @ master in path /workspace/source"}

Showing logs for build [32mablazleon-jxpy-pr-22-pr-build-8cr62-1[0m stage [32mfrom-build-pack[0m and container [32mstep-setup-builder-home[0m

Showing logs for build [32mablazleon-jxpy-pr-22-pr-build-8cr62-1[0m stage [32mfrom-build-pack[0m and container [32mstep-git-merge[0m
Using SHAs from PULL_REFS=master:eba9c8fc5a891f167ea28d17af73f54a54282215,22:f15b9f2d6a7fddf6ef5213c7275938fbcdb1f43a
DEBUG: LC_ALL=C JX_LOG_LEVEL=error git fetch origin --unshallow f15b9f2d6a7fddf6ef5213c7275938fbcdb1f43a: eba9c8fc5a891f167ea28d17af73f54a54282215:
DEBUG: ran git fetch --unshallow origin f15b9f2d6a7fddf6ef5213c7275938fbcdb1f43a: eba9c8fc5a891f167ea28d17af73f54a54282215: in 
DEBUG: LC_ALL=C JX_LOG_LEVEL=error git branch
DEBUG: LC_ALL=C JX_LOG_LEVEL=error git checkout master
DEBUG: ran git checkout master in 
DEBUG: LC_ALL=C JX_LOG_LEVEL=error git reset --hard eba9c8fc5a891f167ea28d17af73f54a54282215
DEBUG: ran git reset --hard eba9c8fc5a891f167ea28d17af73f54a54282215 in 
DEBUG: LC_ALL=C JX_LOG_LEVEL=error git clean -fd .
DEBUG: ran clean --force -d . in 
DEBUG: LC_ALL=C JX_LOG_LEVEL=error git merge f15b9f2d6a7fddf6ef5213c7275938fbcdb1f43a
DEBUG: ran git merge f15b9f2d6a7fddf6ef5213c7275938fbcdb1f43a in 
DEBUG: LC_ALL=C JX_LOG_LEVEL=error git log --format=%H%x1f%an%x1f%ae%x1f%cn%x1f%ce%x1f%s%n%b%x1e eba9c8fc5a891f167ea28d17af73f54a54282215..HEAD
Merged SHA f15b9f2d6a7fddf6ef5213c7275938fbcdb1f43a with commit message 'Update app.py' into base branch master

Showing logs for build [32mablazleon-jxpy-pr-22-pr-build-8cr62-1[0m stage [32mfrom-build-pack[0m and container [32mstep-build-python-unittest[0m

----------------------------------------------------------------------
Ran 0 tests in 0.000s

OK

Showing logs for build [32mablazleon-jxpy-pr-22-pr-build-8cr62-1[0m stage [32mfrom-build-pack[0m and container [32mstep-build-container-build[0m
E0626 16:08:57.503390       9 aws_credentials.go:77] while getting AWS credentials NoCredentialProviders: no valid providers in chain. Deprecated.
	For verbose messaging see aws.Config.CredentialsChainVerboseErrors
[36mINFO[0m[0001] Using dockerignore file: /workspace/source/.dockerignore 
[36mINFO[0m[0001] Retrieving image manifest python:onbuild     
E0626 16:08:57.870762       9 metadata.go:154] while reading 'google-dockercfg' metadata: http status code: 404 while fetching url http://metadata.google.internal./computeMetadata/v1/instance/attributes/google-dockercfg
E0626 16:08:57.875383       9 metadata.go:166] while reading 'google-dockercfg-url' metadata: http status code: 404 while fetching url http://metadata.google.internal./computeMetadata/v1/instance/attributes/google-dockercfg-url
[36mINFO[0m[0003] Retrieving image manifest python:onbuild     
[36mINFO[0m[0004] Built cross stage deps: map[]                
[36mINFO[0m[0004] Retrieving image manifest python:onbuild     
[36mINFO[0m[0006] Retrieving image manifest python:onbuild     
[36mINFO[0m[0007] Executing 3 build triggers                   
[36mINFO[0m[0007] Checking for cached layer gcr.io/envjenkinsk8udacitycapstone/cache:dc2a839bd6d525fd9783a6852939774c55dc14024a49397cd18ef840aae363e1... 
[36mINFO[0m[0008] Using caching version of cmd: COPY requirements.txt /usr/src/app/ 
[36mINFO[0m[0008] Checking for cached layer gcr.io/envjenkinsk8udacitycapstone/cache:8bf2abf0a84228eb1cc03999f3ee3ce7361230c16e28eae7af74285f6291b7d4... 
[36mINFO[0m[0008] Using caching version of cmd: RUN pip install --no-cache-dir -r requirements.txt 
[36mINFO[0m[0008] Checking for cached layer gcr.io/envjenkinsk8udacitycapstone/cache:57f24e400433226ca98bb28c02cc1e37fa250d17e7ee9ab8437b75ab3a927a6f... 
[36mINFO[0m[0009] No cached layer found for cmd COPY . /usr/src/app 
[36mINFO[0m[0009] cmd: EXPOSE                                  
[36mINFO[0m[0009] Adding exposed port: 8080/tcp                
[36mINFO[0m[0009] Unpacking rootfs as cmd COPY . /usr/src/app requires it. 
[36mINFO[0m[0030] COPY requirements.txt /usr/src/app/          
[36mINFO[0m[0030] Found cached layer, extracting to filesystem 
[36mINFO[0m[0030] RUN pip install --no-cache-dir -r requirements.txt 
[36mINFO[0m[0030] Found cached layer, extracting to filesystem 
[36mINFO[0m[0034] COPY . /usr/src/app                          
[36mINFO[0m[0034] Resolving 261 paths                          
[36mINFO[0m[0034] Taking snapshot of files...                  
[36mINFO[0m[0034] COPY requirements.txt .                      
[36mINFO[0m[0034] Resolving 1 paths                            
[36mINFO[0m[0034] Taking snapshot of files...                  
[36mINFO[0m[0034] ENV PORT 8080                                
[36mINFO[0m[0034] No files changed in this command, skipping snapshotting. 
[36mINFO[0m[0034] EXPOSE 8080                                  
[36mINFO[0m[0034] cmd: EXPOSE                                  
[36mINFO[0m[0034] Adding exposed port: 8080/tcp                
[36mINFO[0m[0034] No files changed in this command, skipping snapshotting. 
[36mINFO[0m[0034] ENTRYPOINT ["python"]                        
[36mINFO[0m[0034] No files changed in this command, skipping snapshotting. 
[36mINFO[0m[0034] CMD ["app.py"]                               
[36mINFO[0m[0034] No files changed in this command, skipping snapshotting. 
[36mINFO[0m[0034] Pushing layer gcr.io/envjenkinsk8udacitycapstone/cache:dc6900f3f2325a9105f95728ce30b4017f94dda9c4f0783212e36dc50c9ee673 to cache now 
[36mINFO[0m[0034] Pushing layer gcr.io/envjenkinsk8udacitycapstone/cache:57f24e400433226ca98bb28c02cc1e37fa250d17e7ee9ab8437b75ab3a927a6f to cache now 

Showing logs for build [32mablazleon-jxpy-pr-22-pr-build-8cr62-1[0m stage [32mfrom-build-pack[0m and container [32mstep-postbuild-post-build[0m
no CVE provider running in the current ** namespace so skip adding image to be analysed

Showing logs for build [32mablazleon-jxpy-pr-22-pr-build-8cr62-1[0m stage [32mfrom-build-pack[0m and container [32mstep-promote-make-preview[0m
sed -i -e "s/version:.*/version: 0.0.0-SNAPSHOT-PR-22-1/" Chart.yaml
sed -i -e "s/version:.*/version: 0.0.0-SNAPSHOT-PR-22-1/" ../*/Chart.yaml
sed -i -e "s|repository:.*|repository: gcr.io\/envjenkinsk8udacitycapstone\/**py|" values.yaml
sed -i -e "s/tag:.*/tag: 0.0.0-SNAPSHOT-PR-22-1/" values.yaml
echo "  version: 0.0.0-SNAPSHOT-PR-22-1" >> requirements.yaml
** step helm build
WARNING: No $CHART_REPOSITORY defined so using the default value of: http://jenkins-x-chartmuseum:8080
Adding missing Helm repo: storage.googleapis.com https://storage.googleapis.com/chartmuseum.jenkins-x.io
Successfully added Helm repository storage.googleapis.com.
Adding missing Helm repo: jenkins-x-chartmuseum http://jenkins-x-chartmuseum:8080
Successfully added Helm repository jenkins-x-chartmuseum.
WARNING: No $CHART_REPOSITORY defined so using the default value of: http://jenkins-x-chartmuseum:8080
Adding missing Helm repo: chartmuseum.jenkins-x.io http://chartmuseum.jenkins-x.io
Successfully added Helm repository chartmuseum.jenkins-x.io.

Showing logs for build [32mablazleon-jxpy-pr-22-pr-build-8cr62-1[0m stage [32mfrom-build-pack[0m and container [32mstep-promote-jx-preview[0m
Creating a preview
Found commit author match for: ********* with email address: adrian.blazquez.leon@alumnos.upm.es
Created environment *********-**py-pr-22
Namespace **-*********-**py-pr-22 created 
expose:
  Annotations:
    helm.sh/hook: post-install,post-upgrade
    helm.sh/hook-delete-policy: hook-succeeded
  config:
    domain: 34.91.102.68.nip.io
    exposer: Ingress
    http: "true"
preview:
  image:
    repository: gcr.io/envjenkinsk8udacitycapstone/**py
    tag: 0.0.0-SNAPSHOT-PR-22-1

Updating PipelineActivities *********-**py-pr-22-1 which has status Running
WARNING: preview application http://**py.**-*********-**py-pr-22.34.91.102.68.nip.io not available, error was 503 503 Service Temporarily Unavailable, delaying for: 783.034151ms
WARNING: preview application http://**py.**-*********-**py-pr-22.34.91.102.68.nip.io not available, error was 503 503 Service Temporarily Unavailable, delaying for: 1.077829579s
WARNING: preview application http://**py.**-*********-**py-pr-22.34.91.102.68.nip.io not available, error was 503 503 Service Temporarily Unavailable, delaying for: 2.409014871s
WARNING: preview application http://**py.**-*********-**py-pr-22.34.91.102.68.nip.io not available, error was 503 503 Service Temporarily Unavailable, delaying for: 2.690153652s
WARNING: preview application http://**py.**-*********-**py-pr-22.34.91.102.68.nip.io not available, error was 503 503 Service Temporarily Unavailable, delaying for: 6.912008504s
WARNING: preview application http://**py.**-*********-**py-pr-22.34.91.102.68.nip.io not available, error was 502 502 Bad Gateway, delaying for: 4.011801539s
WARNING: preview application http://**py.**-*********-**py-pr-22.34.91.102.68.nip.io not available, error was 503 503 Service Temporarily Unavailable, delaying for: 16.803924065s
WARNING: preview application http://**py.**-*********-**py-pr-22.34.91.102.68.nip.io not available, error was 503 503 Service Temporarily Unavailable, delaying for: 9.553100503s
WARNING: preview application http://**py.**-*********-**py-pr-22.34.91.102.68.nip.io not available, error was 503 503 Service Temporarily Unavailable, delaying for: 17.255077299s
WARNING: preview application http://**py.**-*********-**py-pr-22.34.91.102.68.nip.io not available, error was 503 503 Service Temporarily Unavailable, delaying for: 29.928448281s
WARNING: preview application http://**py.**-*********-**py-pr-22.34.91.102.68.nip.io not available, error was 503 503 Service Temporarily Unavailable, delaying for: 43.452942397s
WARNING: preview application http://**py.**-*********-**py-pr-22.34.91.102.68.nip.io not available, error was 503 503 Service Temporarily Unavailable, delaying for: 51.708328829s
WARNING: preview application http://**py.**-*********-**py-pr-22.34.91.102.68.nip.io not available, error was 503 503 Service Temporarily Unavailable, delaying for: 1m23.66170376s
WARNING: preview application http://**py.**-*********-**py-pr-22.34.91.102.68.nip.io not available, error was 503 503 Service Temporarily Unavailable, delaying for: 34.457459937s
error: error checking if preview application http://**py.**-*********-**py-pr-22.34.91.102.68.nip.io is available: preview application http://**py.**-*********-**py-pr-22.34.91.102.68.nip.io not available, error was 503 503 Service Temporarily Unavailable
[31m
Pipeline failed on stage 'from-build-pack' : container 'step-promote-jx-preview'. The execution of the pipeline has stopped.[0m
