
Showing logs for build [32mablazleon-jxpy-master-n2xrl-1[0m stage [32mfrom-build-pack[0m and container [32mstep-credential-initializer-q4vj6[0m
{"level":"info","ts":1593174267.0900877,"logger":"fallback-logger","caller":"logging/config.go:69","msg":"Fetch GitHub commit ID from kodata failed: open /var/run/ko/refs/heads/0.8.0-ns-support: no such file or directory"}
{"level":"info","ts":1593174267.091153,"logger":"fallback-logger","caller":"creds-init/main.go:40","msg":"Credentials initialized."}

Showing logs for build [32mablazleon-jxpy-master-n2xrl-1[0m stage [32mfrom-build-pack[0m and container [32mstep-working-dir-initializer-fgx8v[0m
{"level":"info","ts":1593174268.6664708,"logger":"fallback-logger","caller":"logging/config.go:69","msg":"Fetch GitHub commit ID from kodata failed: open /var/run/ko/HEAD: no such file or directory"}
{"level":"info","ts":1593174268.6677551,"logger":"fallback-logger","caller":"bash/main.go:64","msg":"Successfully executed command \"sh -c mkdir -p /workspace/source\"; output "}

Showing logs for build [32mablazleon-jxpy-master-n2xrl-1[0m stage [32mfrom-build-pack[0m and container [32mstep-place-tools[0m

Showing logs for build [32mablazleon-jxpy-master-n2xrl-1[0m stage [32mfrom-build-pack[0m and container [32mstep-git-source-ablazleon-jxpy-master-n2xrl-wc6mz[0m
{"level":"info","ts":1593174295.052652,"logger":"fallback-logger","caller":"logging/config.go:69","msg":"Fetch GitHub commit ID from kodata failed: open /var/run/ko/refs/heads/0.8.0-ns-support: no such file or directory"}
{"level":"info","ts":1593174296.569927,"logger":"fallback-logger","caller":"git/git.go:103","msg":"Successfully cloned https://github.com/*********/**py.git @ v0.0.1 in path /workspace/source"}

Showing logs for build [32mablazleon-jxpy-master-n2xrl-1[0m stage [32mfrom-build-pack[0m and container [32mstep-setup-builder-home[0m

Showing logs for build [32mablazleon-jxpy-master-n2xrl-1[0m stage [32mfrom-build-pack[0m and container [32mstep-git-merge[0m
Using SHAs from PULL_REFS=master:
WARNING: no SHAs to merge, falling back to initial cloned commit

Showing logs for build [32mablazleon-jxpy-master-n2xrl-1[0m stage [32mfrom-build-pack[0m and container [32mstep-setup-jx-git-credentials[0m
Generated Git credentials file /workspace/xdg_config/git/credentials

Showing logs for build [32mablazleon-jxpy-master-n2xrl-1[0m stage [32mfrom-build-pack[0m and container [32mstep-build-python-unittest[0m

----------------------------------------------------------------------
Ran 0 tests in 0.000s

OK

Showing logs for build [32mablazleon-jxpy-master-n2xrl-1[0m stage [32mfrom-build-pack[0m and container [32mstep-build-container-build[0m
E0626 12:25:00.189953      10 aws_credentials.go:77] while getting AWS credentials NoCredentialProviders: no valid providers in chain. Deprecated.
	For verbose messaging see aws.Config.CredentialsChainVerboseErrors
[36mINFO[0m[0001] Using dockerignore file: /workspace/source/.dockerignore 
[36mINFO[0m[0001] Retrieving image manifest python:onbuild     
E0626 12:25:00.631868      10 metadata.go:154] while reading 'google-dockercfg' metadata: http status code: 404 while fetching url http://metadata.google.internal./computeMetadata/v1/instance/attributes/google-dockercfg
E0626 12:25:00.636366      10 metadata.go:166] while reading 'google-dockercfg-url' metadata: http status code: 404 while fetching url http://metadata.google.internal./computeMetadata/v1/instance/attributes/google-dockercfg-url
[36mINFO[0m[0003] Retrieving image manifest python:onbuild     
[36mINFO[0m[0004] Built cross stage deps: map[]                
[36mINFO[0m[0004] Retrieving image manifest python:onbuild     
[36mINFO[0m[0007] Retrieving image manifest python:onbuild     
[36mINFO[0m[0008] Executing 3 build triggers                   
[36mINFO[0m[0008] Checking for cached layer gcr.io/envjenkinsk8udacitycapstone/cache:4603157fb951c8b4502529c64ddc571c85e381ce4686ea05728e14a56a118e66... 
[36mINFO[0m[0009] No cached layer found for cmd COPY requirements.txt /usr/src/app/ 
[36mINFO[0m[0009] cmd: EXPOSE                                  
[36mINFO[0m[0009] Adding exposed port: 8080/tcp                
[36mINFO[0m[0009] Unpacking rootfs as cmd COPY requirements.txt /usr/src/app/ requires it. 
[36mINFO[0m[0032] COPY requirements.txt /usr/src/app/          
[36mINFO[0m[0032] Resolving 1 paths                            
[36mINFO[0m[0032] Taking snapshot of files...                  
[36mINFO[0m[0032] Pushing layer gcr.io/envjenkinsk8udacitycapstone/cache:4603157fb951c8b4502529c64ddc571c85e381ce4686ea05728e14a56a118e66 to cache now 
[36mINFO[0m[0032] RUN pip install --no-cache-dir -r requirements.txt 
[36mINFO[0m[0032] Taking snapshot of full filesystem...        
[36mINFO[0m[0036] Resolving 27638 paths                        
[36mINFO[0m[0040] cmd: /bin/sh                                 
[36mINFO[0m[0040] args: [-c pip install --no-cache-dir -r requirements.txt] 
[36mINFO[0m[0040] Running: [/bin/sh -c pip install --no-cache-dir -r requirements.txt] 
You are using pip version 10.0.1, however version 20.2b1 is available.
You should consider upgrading via the 'pip install --upgrade pip' command.
[36mINFO[0m[0043] Taking snapshot of full filesystem...        
[36mINFO[0m[0043] Resolving 28054 paths                        
[36mINFO[0m[0047] Pushing layer gcr.io/envjenkinsk8udacitycapstone/cache:26208b704f381cfc1f456d1b1b9697de2e61930f2b836f1a4480488b7e191354 to cache now 
[36mINFO[0m[0047] COPY . /usr/src/app                          
[36mINFO[0m[0047] Resolving 115 paths                          
[36mINFO[0m[0047] Taking snapshot of files...                  
[36mINFO[0m[0047] COPY requirements.txt .                      
[36mINFO[0m[0047] Pushing layer gcr.io/envjenkinsk8udacitycapstone/cache:2f9cb1e196d40418420eaacfb3b26a8753314229624e0baae35e0c8ff5d69300 to cache now 
[36mINFO[0m[0047] Resolving 1 paths                            
[36mINFO[0m[0047] Taking snapshot of files...                  
[36mINFO[0m[0047] ENV PORT 8080                                
[36mINFO[0m[0047] No files changed in this command, skipping snapshotting. 
[36mINFO[0m[0047] EXPOSE 8080                                  
[36mINFO[0m[0047] cmd: EXPOSE                                  
[36mINFO[0m[0047] Adding exposed port: 8080/tcp                
[36mINFO[0m[0047] No files changed in this command, skipping snapshotting. 
[36mINFO[0m[0047] ENTRYPOINT ["python"]                        
[36mINFO[0m[0047] No files changed in this command, skipping snapshotting. 
[36mINFO[0m[0047] CMD ["app.py"]                               
[36mINFO[0m[0047] No files changed in this command, skipping snapshotting. 
[36mINFO[0m[0047] Pushing layer gcr.io/envjenkinsk8udacitycapstone/cache:febb4c43590889435ee21dcdbdc16216f93ee94a4750673114ad0b73f56ad60e to cache now 

Showing logs for build [32mablazleon-jxpy-master-n2xrl-1[0m stage [32mfrom-build-pack[0m and container [32mstep-build-post-build[0m
no CVE provider running in the current ** namespace so skip adding image to be analysed

Showing logs for build [32mablazleon-jxpy-master-n2xrl-1[0m stage [32mfrom-build-pack[0m and container [32mstep-promote-changelog[0m
Converted /workspace/source/charts/**py to an unshallow repository
Generating change log from git ref ac53ae35aa29c13174e9d23f06884ce676692999 => 47d1ba6226cf3baa618d3b75532726601d81cc51
Associating user x-0 in users.jenkins.io with email jenkins-x@googlegroups.com to git GitProvider user with login -0 as emails match
Adding label jenkins.io/git-github-userid=-0 to user x-0 in users.jenkins.io
WARNING: Failed to enrich commit 2c47e069b52a0d15635980797da09f40e2a49971 with issues: User.jenkins.io "x-0" is invalid: metadata.labels: Invalid value: "-0": a valid label must be an empty string or consist of alphanumeric characters, '-', '_' or '.', and must start and end with an alphanumeric character (e.g. 'MyValue',  or 'my_value',  or '12345', regex used for validation is '(([A-Za-z0-9][-A-Za-z0-9_.]*)?[A-Za-z0-9])?')
Finding issues in commit messages using git format
WARNING: No release found for *********/**py and tag v0.0.1 so creating a new release
Updated the release information at https://github.com/*********/**py/releases/tag/v0.0.1
generated: /workspace/source/charts/**py/templates/release.yaml
Created Release **py-0-0-1 resource in namespace **
Updating PipelineActivity *********-**py-master-1 with version 0.0.1
Updated PipelineActivities *********-**py-master-1 with release notes URL: https://github.com/*********/**py/releases/tag/v0.0.1

Showing logs for build [32mablazleon-jxpy-master-n2xrl-1[0m stage [32mfrom-build-pack[0m and container [32mstep-promote-helm-release[0m
WARNING: No $CHART_REPOSITORY defined so using the default value of: http://jenkins-x-chartmuseum:8080
Adding missing Helm repo: storage.googleapis.com https://storage.googleapis.com/chartmuseum.jenkins-x.io
Successfully added Helm repository storage.googleapis.com.
Adding missing Helm repo: jenkins-x-chartmuseum http://jenkins-x-chartmuseum:8080
Successfully added Helm repository jenkins-x-chartmuseum.
WARNING: No $CHART_REPOSITORY defined so using the default value of: http://jenkins-x-chartmuseum:8080
Uploading chart file **py-0.0.1.tgz to http://jenkins-x-chartmuseum:8080/api/charts
Received 201 response: {"saved":true}

Showing logs for build [32mablazleon-jxpy-master-n2xrl-1[0m stage [32mfrom-build-pack[0m and container [32mstep-promote-jx-promote[0m
WARNING: prow based install so skip waiting for the merge of Pull Requests to go green as currently there is an issue with gettingstatuses from the PR, see https://github.com/jenkins-x/**/issues/2410
WARNING: No $CHART_REPOSITORY defined so using the default value of: http://jenkins-x-chartmuseum:8080
Promoting app **py version 0.0.1 to namespace **-staging
Created Pull Request: https://github.com/*********/environment-**gke6-staging/pull/1
Added label updatebot to Pull Request https://github.com/*********/environment-**gke6-staging/pull/1
got git provider status pending from PR https://github.com/*********/environment-**gke6-staging/pull/1
got git provider status pending from PR https://github.com/*********/environment-**gke6-staging/pull/1
got git provider status pending from PR https://github.com/*********/environment-**gke6-staging/pull/1
got git provider status pending from PR https://github.com/*********/environment-**gke6-staging/pull/1
got git provider status pending from PR https://github.com/*********/environment-**gke6-staging/pull/1
got git provider status pending from PR https://github.com/*********/environment-**gke6-staging/pull/1
got git provider status pending from PR https://github.com/*********/environment-**gke6-staging/pull/1
Pull Request https://github.com/*********/environment-**gke6-staging/pull/1 is merged at sha 8e8f50230983c3f22c587b68bd604511ac61d28b
Pull Request merged but we are not waiting for the update pipeline to complete!
WARNING: Could not find the service URL in namespace **-staging for names **py, **-**py, **-staging-**py
