
Showing logs for build [32mablazleon-jxpy-master-release-xm5cx-14[0m stage [32mfrom-build-pack[0m and container [32mstep-credential-initializer-fv82s[0m
{"level":"info","ts":1593185679.5996213,"logger":"fallback-logger","caller":"logging/config.go:69","msg":"Fetch GitHub commit ID from kodata failed: open /var/run/ko/refs/heads/0.8.0-ns-support: no such file or directory"}
{"level":"info","ts":1593185679.6000986,"logger":"fallback-logger","caller":"creds-init/main.go:40","msg":"Credentials initialized."}

Showing logs for build [32mablazleon-jxpy-master-release-xm5cx-14[0m stage [32mfrom-build-pack[0m and container [32mstep-working-dir-initializer-jns6q[0m
{"level":"info","ts":1593185680.9900196,"logger":"fallback-logger","caller":"logging/config.go:69","msg":"Fetch GitHub commit ID from kodata failed: open /var/run/ko/HEAD: no such file or directory"}
{"level":"info","ts":1593185680.9915907,"logger":"fallback-logger","caller":"bash/main.go:64","msg":"Successfully executed command \"sh -c mkdir -p /workspace/source\"; output "}

Showing logs for build [32mablazleon-jxpy-master-release-xm5cx-14[0m stage [32mfrom-build-pack[0m and container [32mstep-place-tools[0m

Showing logs for build [32mablazleon-jxpy-master-release-xm5cx-14[0m stage [32mfrom-build-pack[0m and container [32mstep-git-source-ablazleon-jxpy-master-release-xm5cx-czxjd[0m
{"level":"info","ts":1593185689.145435,"logger":"fallback-logger","caller":"logging/config.go:69","msg":"Fetch GitHub commit ID from kodata failed: open /var/run/ko/refs/heads/0.8.0-ns-support: no such file or directory"}
{"level":"info","ts":1593185690.5022733,"logger":"fallback-logger","caller":"git/git.go:103","msg":"Successfully cloned https://github.com/*********/**py.git @ v0.0.14 in path /workspace/source"}

Showing logs for build [32mablazleon-jxpy-master-release-xm5cx-14[0m stage [32mfrom-build-pack[0m and container [32mstep-setup-builder-home[0m

Showing logs for build [32mablazleon-jxpy-master-release-xm5cx-14[0m stage [32mfrom-build-pack[0m and container [32mstep-git-merge[0m
Using SHAs from PULL_REFS=master:28c89cad6de6d0c6976eed4cfafc3202530c1421
WARNING: no SHAs to merge, falling back to initial cloned commit

Showing logs for build [32mablazleon-jxpy-master-release-xm5cx-14[0m stage [32mfrom-build-pack[0m and container [32mstep-setup-jx-git-credentials[0m
Generated Git credentials file /workspace/xdg_config/git/credentials

Showing logs for build [32mablazleon-jxpy-master-release-xm5cx-14[0m stage [32mfrom-build-pack[0m and container [32mstep-build-python-unittest[0m

----------------------------------------------------------------------
Ran 0 tests in 0.000s

OK

Showing logs for build [32mablazleon-jxpy-master-release-xm5cx-14[0m stage [32mfrom-build-pack[0m and container [32mstep-build-container-build[0m
E0626 15:34:54.455365      11 aws_credentials.go:77] while getting AWS credentials NoCredentialProviders: no valid providers in chain. Deprecated.
	For verbose messaging see aws.Config.CredentialsChainVerboseErrors
[36mINFO[0m[0001] Using dockerignore file: /workspace/source/.dockerignore 
[36mINFO[0m[0001] Retrieving image manifest python:onbuild     
E0626 15:34:54.867130      11 metadata.go:154] while reading 'google-dockercfg' metadata: http status code: 404 while fetching url http://metadata.google.internal./computeMetadata/v1/instance/attributes/google-dockercfg
E0626 15:34:54.872431      11 metadata.go:166] while reading 'google-dockercfg-url' metadata: http status code: 404 while fetching url http://metadata.google.internal./computeMetadata/v1/instance/attributes/google-dockercfg-url
[36mINFO[0m[0002] Retrieving image manifest python:onbuild     
[36mINFO[0m[0003] Built cross stage deps: map[]                
[36mINFO[0m[0003] Retrieving image manifest python:onbuild     
[36mINFO[0m[0004] Retrieving image manifest python:onbuild     
[36mINFO[0m[0005] Executing 3 build triggers                   
[36mINFO[0m[0005] Checking for cached layer gcr.io/envjenkinsk8udacitycapstone/cache:dc2a839bd6d525fd9783a6852939774c55dc14024a49397cd18ef840aae363e1... 
[36mINFO[0m[0006] Using caching version of cmd: COPY requirements.txt /usr/src/app/ 
[36mINFO[0m[0006] Checking for cached layer gcr.io/envjenkinsk8udacitycapstone/cache:8bf2abf0a84228eb1cc03999f3ee3ce7361230c16e28eae7af74285f6291b7d4... 
[36mINFO[0m[0007] Using caching version of cmd: RUN pip install --no-cache-dir -r requirements.txt 
[36mINFO[0m[0007] Checking for cached layer gcr.io/envjenkinsk8udacitycapstone/cache:c07422657e85bfe87c1a726b6cf08ead6fe1b2c5163774002890b44c28995040... 
[36mINFO[0m[0007] No cached layer found for cmd COPY . /usr/src/app 
[36mINFO[0m[0007] cmd: EXPOSE                                  
[36mINFO[0m[0007] Adding exposed port: 8080/tcp                
[36mINFO[0m[0007] Unpacking rootfs as cmd COPY . /usr/src/app requires it. 
[36mINFO[0m[0024] COPY requirements.txt /usr/src/app/          
[36mINFO[0m[0024] Found cached layer, extracting to filesystem 
[36mINFO[0m[0024] RUN pip install --no-cache-dir -r requirements.txt 
[36mINFO[0m[0024] Found cached layer, extracting to filesystem 
[36mINFO[0m[0025] COPY . /usr/src/app                          
[36mINFO[0m[0025] Resolving 113 paths                          
[36mINFO[0m[0025] Taking snapshot of files...                  
[36mINFO[0m[0025] Pushing layer gcr.io/envjenkinsk8udacitycapstone/cache:c07422657e85bfe87c1a726b6cf08ead6fe1b2c5163774002890b44c28995040 to cache now 
[36mINFO[0m[0025] COPY requirements.txt .                      
[36mINFO[0m[0025] Resolving 1 paths                            
[36mINFO[0m[0025] Taking snapshot of files...                  
[36mINFO[0m[0025] ENV PORT 8080                                
[36mINFO[0m[0025] No files changed in this command, skipping snapshotting. 
[36mINFO[0m[0025] EXPOSE 8080                                  
[36mINFO[0m[0025] cmd: EXPOSE                                  
[36mINFO[0m[0025] Adding exposed port: 8080/tcp                
[36mINFO[0m[0025] No files changed in this command, skipping snapshotting. 
[36mINFO[0m[0025] ENTRYPOINT ["python"]                        
[36mINFO[0m[0025] No files changed in this command, skipping snapshotting. 
[36mINFO[0m[0025] CMD ["app.py"]                               
[36mINFO[0m[0025] Pushing layer gcr.io/envjenkinsk8udacitycapstone/cache:27019dde97dcabb54f2a6a6efc01dba80340ade8035a4f44d6b49741f2038ebd to cache now 
[36mINFO[0m[0025] No files changed in this command, skipping snapshotting. 

Showing logs for build [32mablazleon-jxpy-master-release-xm5cx-14[0m stage [32mfrom-build-pack[0m and container [32mstep-build-post-build[0m
no CVE provider running in the current ** namespace so skip adding image to be analysed

Showing logs for build [32mablazleon-jxpy-master-release-xm5cx-14[0m stage [32mfrom-build-pack[0m and container [32mstep-build-upgrade[0m
Collecting pip
  Downloading https://files.pythonhosted.org/packages/43/84/23ed6a1796480a6f1a2d38f2802901d078266bda38388954d01d3f2e821d/pip-20.1.1-py2.py3-none-any.whl (1.5MB)
Installing collected packages: pip
  Found existing installation: pip 8.1.2
    Uninstalling pip-8.1.2:
      Successfully uninstalled pip-8.1.2
Successfully installed pip-20.1.1

Showing logs for build [32mablazleon-jxpy-master-release-xm5cx-14[0m stage [32mfrom-build-pack[0m and container [32mstep-build-install[0m
Collecting pylint==2.5.3 (from -r requirements.txt (line 1))
  Downloading https://files.pythonhosted.org/packages/3b/f0/ee19aeccaea881c38d129f015b2be7658724fcefa3a506d7c44747d764d9/pylint-2.5.3.tar.gz (684kB)
    Complete output from command python setup.py egg_info:
    Traceback (most recent call last):
      File "<string>", line 1, in <module>
      File "/tmp/pip-build-uxJ3Cd/pylint/setup.py", line 63, in <module>
        with open(readme_path, encoding="UTF-8") as stream:
    TypeError: 'encoding' is an invalid keyword argument for this function
    
    ----------------------------------------
Command "python setup.py egg_info" failed with error code 1 in /tmp/pip-build-uxJ3Cd/pylint/
You are using pip version 8.1.2, however version 20.1.1 is available.
You should consider upgrading via the 'pip install --upgrade pip' command.
[31m
Pipeline failed on stage 'from-build-pack' : container 'step-build-install'. The execution of the pipeline has stopped.[0m
