
Showing logs for build [32mablazleon-jxpy-master-release-nz85n-17[0m stage [32mfrom-build-pack[0m and container [32mstep-credential-initializer-p9772[0m
{"level":"info","ts":1593186423.8924935,"logger":"fallback-logger","caller":"logging/config.go:69","msg":"Fetch GitHub commit ID from kodata failed: open /var/run/ko/refs/heads/0.8.0-ns-support: no such file or directory"}
{"level":"info","ts":1593186423.8931248,"logger":"fallback-logger","caller":"creds-init/main.go:40","msg":"Credentials initialized."}

Showing logs for build [32mablazleon-jxpy-master-release-nz85n-17[0m stage [32mfrom-build-pack[0m and container [32mstep-working-dir-initializer-6pgl9[0m
{"level":"info","ts":1593186425.309467,"logger":"fallback-logger","caller":"logging/config.go:69","msg":"Fetch GitHub commit ID from kodata failed: open /var/run/ko/HEAD: no such file or directory"}
{"level":"info","ts":1593186425.3111649,"logger":"fallback-logger","caller":"bash/main.go:64","msg":"Successfully executed command \"sh -c mkdir -p /workspace/source\"; output "}

Showing logs for build [32mablazleon-jxpy-master-release-nz85n-17[0m stage [32mfrom-build-pack[0m and container [32mstep-place-tools[0m

Showing logs for build [32mablazleon-jxpy-master-release-nz85n-17[0m stage [32mfrom-build-pack[0m and container [32mstep-git-source-ablazleon-jxpy-master-release-nz85n-qvs5q[0m
{"level":"info","ts":1593186435.5794473,"logger":"fallback-logger","caller":"logging/config.go:69","msg":"Fetch GitHub commit ID from kodata failed: open /var/run/ko/refs/heads/0.8.0-ns-support: no such file or directory"}
{"level":"info","ts":1593186436.9923704,"logger":"fallback-logger","caller":"git/git.go:103","msg":"Successfully cloned https://github.com/*********/**py.git @ v0.0.17 in path /workspace/source"}

Showing logs for build [32mablazleon-jxpy-master-release-nz85n-17[0m stage [32mfrom-build-pack[0m and container [32mstep-setup-builder-home[0m

Showing logs for build [32mablazleon-jxpy-master-release-nz85n-17[0m stage [32mfrom-build-pack[0m and container [32mstep-git-merge[0m
Using SHAs from PULL_REFS=master:2333da0fe173707c7216a2ce92bf4cf3b0e1c806
WARNING: no SHAs to merge, falling back to initial cloned commit

Showing logs for build [32mablazleon-jxpy-master-release-nz85n-17[0m stage [32mfrom-build-pack[0m and container [32mstep-setup-jx-git-credentials[0m
Generated Git credentials file /workspace/xdg_config/git/credentials

Showing logs for build [32mablazleon-jxpy-master-release-nz85n-17[0m stage [32mfrom-build-pack[0m and container [32mstep-build-python-unittest[0m

----------------------------------------------------------------------
Ran 0 tests in 0.000s

OK

Showing logs for build [32mablazleon-jxpy-master-release-nz85n-17[0m stage [32mfrom-build-pack[0m and container [32mstep-build-container-build[0m
E0626 15:47:21.030553      10 aws_credentials.go:77] while getting AWS credentials NoCredentialProviders: no valid providers in chain. Deprecated.
	For verbose messaging see aws.Config.CredentialsChainVerboseErrors
[36mINFO[0m[0001] Using dockerignore file: /workspace/source/.dockerignore 
[36mINFO[0m[0001] Retrieving image manifest python:onbuild     
E0626 15:47:21.545606      10 metadata.go:154] while reading 'google-dockercfg' metadata: http status code: 404 while fetching url http://metadata.google.internal./computeMetadata/v1/instance/attributes/google-dockercfg
E0626 15:47:21.548745      10 metadata.go:166] while reading 'google-dockercfg-url' metadata: http status code: 404 while fetching url http://metadata.google.internal./computeMetadata/v1/instance/attributes/google-dockercfg-url
[36mINFO[0m[0003] Retrieving image manifest python:onbuild     
[36mINFO[0m[0004] Built cross stage deps: map[]                
[36mINFO[0m[0004] Retrieving image manifest python:onbuild     
[36mINFO[0m[0005] Retrieving image manifest python:onbuild     
[36mINFO[0m[0006] Executing 3 build triggers                   
[36mINFO[0m[0006] Checking for cached layer gcr.io/envjenkinsk8udacitycapstone/cache:df2682f9112b9b728a81d17e60e0833277ddedd6257b137b6af90148bb5b44b3... 
[36mINFO[0m[0007] Using caching version of cmd: COPY requirements.txt /usr/src/app/ 
[36mINFO[0m[0007] Checking for cached layer gcr.io/envjenkinsk8udacitycapstone/cache:889a9946ea19ddc21c66b2d2baae68da332d53f64c1fba5ab0c525f947bce327... 
[36mINFO[0m[0007] No cached layer found for cmd RUN pip install --no-cache-dir -r requirements.txt 
[36mINFO[0m[0007] cmd: EXPOSE                                  
[36mINFO[0m[0007] Adding exposed port: 8080/tcp                
[36mINFO[0m[0007] Unpacking rootfs as cmd RUN pip install --no-cache-dir -r requirements.txt requires it. 
[36mINFO[0m[0031] COPY requirements.txt /usr/src/app/          
[36mINFO[0m[0031] Found cached layer, extracting to filesystem 
[36mINFO[0m[0032] RUN pip install --no-cache-dir -r requirements.txt 
[36mINFO[0m[0032] Taking snapshot of full filesystem...        
[36mINFO[0m[0036] Resolving 27638 paths                        
[36mINFO[0m[0041] cmd: /bin/sh                                 
[36mINFO[0m[0041] args: [-c pip install --no-cache-dir -r requirements.txt] 
[36mINFO[0m[0041] Running: [/bin/sh -c pip install --no-cache-dir -r requirements.txt] 
Collecting pylint==1.9.5 (from -r requirements.txt (line 1))
  Downloading https://files.pythonhosted.org/packages/36/3b/fa4025a424adafd85c6195001b1c130ecb8d8b30784a1c4cb68e7b5e5ae7/pylint-1.9.5-py2.py3-none-any.whl (696kB)
Collecting mccabe (from pylint==1.9.5->-r requirements.txt (line 1))
  Downloading https://files.pythonhosted.org/packages/87/89/479dc97e18549e21354893e4ee4ef36db1d237534982482c3681ee6e7b57/mccabe-0.6.1-py2.py3-none-any.whl
Collecting astroid<2.0,>=1.6 (from pylint==1.9.5->-r requirements.txt (line 1))
  Downloading https://files.pythonhosted.org/packages/8b/29/0f7ec6fbf28a158886b7de49aee3a77a8a47a7e24c60e9fd6ec98ee2ec02/astroid-1.6.6-py2.py3-none-any.whl (305kB)
Collecting six (from pylint==1.9.5->-r requirements.txt (line 1))
  Downloading https://files.pythonhosted.org/packages/ee/ff/48bde5c0f013094d729fe4b0316ba2a24774b3ff1c52d924a8a4cb04078a/six-1.15.0-py2.py3-none-any.whl
Collecting isort>=4.2.5 (from pylint==1.9.5->-r requirements.txt (line 1))
  Downloading https://files.pythonhosted.org/packages/e5/b0/c121fd1fa3419ea9bfd55c7f9c4fedfec5143208d8c7ad3ce3db6c623c21/isort-4.3.21-py2.py3-none-any.whl (42kB)
Collecting lazy-object-proxy (from astroid<2.0,>=1.6->pylint==1.9.5->-r requirements.txt (line 1))
  Downloading https://files.pythonhosted.org/packages/cd/2f/68176f910e32eec13d2db184442fe2242d067ce5abe4c095ff3a95d34907/lazy_object_proxy-1.5.0-cp36-cp36m-manylinux1_x86_64.whl (56kB)
Collecting wrapt (from astroid<2.0,>=1.6->pylint==1.9.5->-r requirements.txt (line 1))
  Downloading https://files.pythonhosted.org/packages/82/f7/e43cefbe88c5fd371f4cf0cf5eb3feccd07515af9fd6cf7dbf1d1793a797/wrapt-1.12.1.tar.gz
Installing collected packages: mccabe, lazy-object-proxy, wrapt, six, astroid, isort, pylint
  Running setup.py install for wrapt: started
    Running setup.py install for wrapt: finished with status 'done'
Successfully installed astroid-1.6.6 isort-4.3.21 lazy-object-proxy-1.5.0 mccabe-0.6.1 pylint-1.9.5 six-1.15.0 wrapt-1.12.1
You are using pip version 10.0.1, however version 20.2b1 is available.
You should consider upgrading via the 'pip install --upgrade pip' command.
[36mINFO[0m[0049] Taking snapshot of full filesystem...        
[36mINFO[0m[0051] Resolving 30246 paths                        
[36mINFO[0m[0055] Pushing layer gcr.io/envjenkinsk8udacitycapstone/cache:889a9946ea19ddc21c66b2d2baae68da332d53f64c1fba5ab0c525f947bce327 to cache now 
[36mINFO[0m[0056] COPY . /usr/src/app                          
[36mINFO[0m[0056] Resolving 115 paths                          
[36mINFO[0m[0056] Taking snapshot of files...                  
[36mINFO[0m[0056] Pushing layer gcr.io/envjenkinsk8udacitycapstone/cache:efa42172fa416503a5cf2a75a152de9e3da7871352cbdd1d4a6df92b7515c18e to cache now 
[36mINFO[0m[0056] COPY requirements.txt .                      
[36mINFO[0m[0056] Resolving 1 paths                            
[36mINFO[0m[0056] Taking snapshot of files...                  
[36mINFO[0m[0056] ENV PORT 8080                                
[36mINFO[0m[0056] No files changed in this command, skipping snapshotting. 
[36mINFO[0m[0056] EXPOSE 8080                                  
[36mINFO[0m[0056] cmd: EXPOSE                                  
[36mINFO[0m[0056] Adding exposed port: 8080/tcp                
[36mINFO[0m[0056] No files changed in this command, skipping snapshotting. 
[36mINFO[0m[0056] ENTRYPOINT ["python"]                        
[36mINFO[0m[0056] No files changed in this command, skipping snapshotting. 
[36mINFO[0m[0056] CMD ["app.py"]                               
[36mINFO[0m[0056] No files changed in this command, skipping snapshotting. 
[36mINFO[0m[0056] Pushing layer gcr.io/envjenkinsk8udacitycapstone/cache:50414aeed62b6a90b05b4d1c897f907fdc14542a4d21ea0dcd5c9e9c5929b959 to cache now 

Showing logs for build [32mablazleon-jxpy-master-release-nz85n-17[0m stage [32mfrom-build-pack[0m and container [32mstep-build-post-build[0m
no CVE provider running in the current ** namespace so skip adding image to be analysed

Showing logs for build [32mablazleon-jxpy-master-release-nz85n-17[0m stage [32mfrom-build-pack[0m and container [32mstep-build-setup[0m

Showing logs for build [32mablazleon-jxpy-master-release-nz85n-17[0m stage [32mfrom-build-pack[0m and container [32mstep-build-install[0m
Collecting pip
  Downloading https://files.pythonhosted.org/packages/43/84/23ed6a1796480a6f1a2d38f2802901d078266bda38388954d01d3f2e821d/pip-20.1.1-py2.py3-none-any.whl (1.5MB)
Installing collected packages: pip
  Found existing installation: pip 8.1.2
    Uninstalling pip-8.1.2:
      Successfully uninstalled pip-8.1.2
Successfully installed pip-20.1.1
DEPRECATION: Python 2.7 reached the end of its life on January 1st, 2020. Please upgrade your Python as Python 2.7 is no longer maintained. pip 21.0 will drop support for Python 2.7 in January 2021. More details about Python 2 support in pip, can be found at https://pip.pypa.io/en/latest/development/release-process/#python-2-support
Collecting pylint==1.9.5
  Downloading pylint-1.9.5-py2.py3-none-any.whl (696 kB)
Collecting backports.functools-lru-cache; python_version == "2.7"
  Downloading backports.functools_lru_cache-1.6.1-py2.py3-none-any.whl (5.7 kB)
Collecting configparser; python_version == "2.7"
  Downloading configparser-4.0.2-py2.py3-none-any.whl (22 kB)
Collecting isort>=4.2.5
  Downloading isort-4.3.21-py2.py3-none-any.whl (42 kB)
Requirement already satisfied: singledispatch; python_version < "3.4" in /usr/lib/python2.7/site-packages (from pylint==1.9.5->-r requirements.txt (line 1)) (3.4.0.3)
Collecting astroid<2.0,>=1.6
  Downloading astroid-1.6.6-py2.py3-none-any.whl (305 kB)
Requirement already satisfied: six in /usr/lib/python2.7/site-packages (from pylint==1.9.5->-r requirements.txt (line 1)) (1.14.0)
Collecting mccabe
  Downloading mccabe-0.6.1-py2.py3-none-any.whl (8.6 kB)
Collecting futures; python_version < "3.2"
  Downloading futures-3.3.0-py2-none-any.whl (16 kB)
Requirement already satisfied: enum34>=1.1.3; python_version < "3.4" in /usr/lib/python2.7/site-packages (from astroid<2.0,>=1.6->pylint==1.9.5->-r requirements.txt (line 1)) (1.1.10)
Collecting wrapt
  Downloading wrapt-1.12.1.tar.gz (27 kB)
Collecting lazy-object-proxy
  Downloading lazy_object_proxy-1.5.0-cp27-cp27mu-manylinux1_x86_64.whl (55 kB)
Using legacy setup.py install for wrapt, since package 'wheel' is not installed.
ERROR: importlib-metadata 1.6.0 requires zipp>=0.5, which is not installed.
ERROR: importlib-resources 1.5.0 requires zipp>=0.4; python_version < "3.8", which is not installed.
Installing collected packages: backports.functools-lru-cache, configparser, futures, isort, wrapt, lazy-object-proxy, astroid, mccabe, pylint
    Running setup.py install for wrapt: started
    Running setup.py install for wrapt: finished with status 'done'
Successfully installed astroid-1.6.6 backports.functools-lru-cache-1.6.1 configparser-4.0.2 futures-3.3.0 isort-4.3.21 lazy-object-proxy-1.5.0 mccabe-0.6.1 pylint-1.9.5 wrapt-1.12.1

Showing logs for build [32mablazleon-jxpy-master-release-nz85n-17[0m stage [32mfrom-build-pack[0m and container [32mstep-build-lint[0m
/bin/sh: pylint: command not found
[31m
Pipeline failed on stage 'from-build-pack' : container 'step-build-lint'. The execution of the pipeline has stopped.[0m
