
Showing logs for build [32mablazleon-jxpy-master-release-8f4nl-27[0m stage [32mfrom-build-pack[0m and container [32mstep-credential-initializer-wrdrj[0m
{"level":"info","ts":1593193142.525554,"logger":"fallback-logger","caller":"logging/config.go:69","msg":"Fetch GitHub commit ID from kodata failed: open /var/run/ko/refs/heads/0.8.0-ns-support: no such file or directory"}
{"level":"info","ts":1593193142.5261824,"logger":"fallback-logger","caller":"creds-init/main.go:40","msg":"Credentials initialized."}

Showing logs for build [32mablazleon-jxpy-master-release-8f4nl-27[0m stage [32mfrom-build-pack[0m and container [32mstep-working-dir-initializer-8pqnk[0m
{"level":"info","ts":1593193143.922887,"logger":"fallback-logger","caller":"logging/config.go:69","msg":"Fetch GitHub commit ID from kodata failed: open /var/run/ko/HEAD: no such file or directory"}
{"level":"info","ts":1593193143.9243429,"logger":"fallback-logger","caller":"bash/main.go:64","msg":"Successfully executed command \"sh -c mkdir -p /workspace/source\"; output "}

Showing logs for build [32mablazleon-jxpy-master-release-8f4nl-27[0m stage [32mfrom-build-pack[0m and container [32mstep-place-tools[0m

Showing logs for build [32mablazleon-jxpy-master-release-8f4nl-27[0m stage [32mfrom-build-pack[0m and container [32mstep-git-source-ablazleon-jxpy-master-release-8f4nl-dbz8t[0m
{"level":"info","ts":1593193153.1430993,"logger":"fallback-logger","caller":"logging/config.go:69","msg":"Fetch GitHub commit ID from kodata failed: open /var/run/ko/refs/heads/0.8.0-ns-support: no such file or directory"}
{"level":"info","ts":1593193154.8083313,"logger":"fallback-logger","caller":"git/git.go:103","msg":"Successfully cloned https://github.com/*********/**py.git @ v0.0.27 in path /workspace/source"}

Showing logs for build [32mablazleon-jxpy-master-release-8f4nl-27[0m stage [32mfrom-build-pack[0m and container [32mstep-setup-builder-home[0m

Showing logs for build [32mablazleon-jxpy-master-release-8f4nl-27[0m stage [32mfrom-build-pack[0m and container [32mstep-git-merge[0m
Using SHAs from PULL_REFS=master:c7bd1dcd27a9e72ed15367642423c203d4e8b61d
WARNING: no SHAs to merge, falling back to initial cloned commit

Showing logs for build [32mablazleon-jxpy-master-release-8f4nl-27[0m stage [32mfrom-build-pack[0m and container [32mstep-setup-jx-git-credentials[0m
Generated Git credentials file /workspace/xdg_config/git/credentials

Showing logs for build [32mablazleon-jxpy-master-release-8f4nl-27[0m stage [32mfrom-build-pack[0m and container [32mstep-build-python-unittest[0m

----------------------------------------------------------------------
Ran 0 tests in 0.000s

OK

Showing logs for build [32mablazleon-jxpy-master-release-8f4nl-27[0m stage [32mfrom-build-pack[0m and container [32mstep-build-container-build[0m
E0626 17:39:17.371887       9 aws_credentials.go:77] while getting AWS credentials NoCredentialProviders: no valid providers in chain. Deprecated.
	For verbose messaging see aws.Config.CredentialsChainVerboseErrors
[36mINFO[0m[0001] Using dockerignore file: /workspace/source/.dockerignore 
[36mINFO[0m[0001] Retrieving image manifest python:onbuild     
E0626 17:39:17.766360       9 metadata.go:154] while reading 'google-dockercfg' metadata: http status code: 404 while fetching url http://metadata.google.internal./computeMetadata/v1/instance/attributes/google-dockercfg
E0626 17:39:17.769309       9 metadata.go:166] while reading 'google-dockercfg-url' metadata: http status code: 404 while fetching url http://metadata.google.internal./computeMetadata/v1/instance/attributes/google-dockercfg-url
[36mINFO[0m[0002] Retrieving image manifest python:onbuild     
[36mINFO[0m[0003] Built cross stage deps: map[]                
[36mINFO[0m[0003] Retrieving image manifest python:onbuild     
[36mINFO[0m[0004] Retrieving image manifest python:onbuild     
[36mINFO[0m[0005] Executing 3 build triggers                   
[36mINFO[0m[0005] Checking for cached layer gcr.io/envjenkinsk8udacitycapstone/cache:dc2a839bd6d525fd9783a6852939774c55dc14024a49397cd18ef840aae363e1... 
[36mINFO[0m[0005] Using caching version of cmd: COPY requirements.txt /usr/src/app/ 
[36mINFO[0m[0005] Checking for cached layer gcr.io/envjenkinsk8udacitycapstone/cache:8bf2abf0a84228eb1cc03999f3ee3ce7361230c16e28eae7af74285f6291b7d4... 
[36mINFO[0m[0006] Using caching version of cmd: RUN pip install --no-cache-dir -r requirements.txt 
[36mINFO[0m[0006] Checking for cached layer gcr.io/envjenkinsk8udacitycapstone/cache:0998863d08e616cba257b23ac02964478cc40c8914f741d7d5ad03e30cf2cedb... 
[36mINFO[0m[0006] No cached layer found for cmd COPY . /usr/src/app 
[36mINFO[0m[0006] cmd: EXPOSE                                  
[36mINFO[0m[0006] Adding exposed port: 8080/tcp                
[36mINFO[0m[0006] Unpacking rootfs as cmd COPY . /usr/src/app requires it. 
[36mINFO[0m[0024] COPY requirements.txt /usr/src/app/          
[36mINFO[0m[0024] Found cached layer, extracting to filesystem 
[36mINFO[0m[0024] RUN pip install --no-cache-dir -r requirements.txt 
[36mINFO[0m[0024] Found cached layer, extracting to filesystem 
[36mINFO[0m[0025] COPY . /usr/src/app                          
[36mINFO[0m[0025] Resolving 115 paths                          
[36mINFO[0m[0025] Taking snapshot of files...                  
[36mINFO[0m[0025] COPY requirements.txt .                      
[36mINFO[0m[0025] Resolving 1 paths                            
[36mINFO[0m[0025] Taking snapshot of files...                  
[36mINFO[0m[0025] Pushing layer gcr.io/envjenkinsk8udacitycapstone/cache:0998863d08e616cba257b23ac02964478cc40c8914f741d7d5ad03e30cf2cedb to cache now 
[36mINFO[0m[0025] ENV PORT 8080                                
[36mINFO[0m[0025] No files changed in this command, skipping snapshotting. 
[36mINFO[0m[0025] EXPOSE 8080                                  
[36mINFO[0m[0025] cmd: EXPOSE                                  
[36mINFO[0m[0025] Adding exposed port: 8080/tcp                
[36mINFO[0m[0025] No files changed in this command, skipping snapshotting. 
[36mINFO[0m[0025] ENTRYPOINT ["python"]                        
[36mINFO[0m[0025] No files changed in this command, skipping snapshotting. 
[36mINFO[0m[0025] CMD ["app.py"]                               
[36mINFO[0m[0025] No files changed in this command, skipping snapshotting. 
[36mINFO[0m[0025] Pushing layer gcr.io/envjenkinsk8udacitycapstone/cache:5c6b30526efe076147b5aa0794c7e0d314b0137a96f43f2bf0b33bfe2d5bfc85 to cache now 

Showing logs for build [32mablazleon-jxpy-master-release-8f4nl-27[0m stage [32mfrom-build-pack[0m and container [32mstep-build-post-build[0m
no CVE provider running in the current ** namespace so skip adding image to be analysed

Showing logs for build [32mablazleon-jxpy-master-release-8f4nl-27[0m stage [32mfrom-build-pack[0m and container [32mstep-build-lint[0m
Collecting pip
  Downloading https://files.pythonhosted.org/packages/43/84/23ed6a1796480a6f1a2d38f2802901d078266bda38388954d01d3f2e821d/pip-20.1.1-py2.py3-none-any.whl (1.5MB)
Installing collected packages: pip
  Found existing installation: pip 9.0.3
    Uninstalling pip-9.0.3:
      Successfully uninstalled pip-9.0.3
Successfully installed pip-20.1.1
Collecting pylint==2.5.3
  Downloading pylint-2.5.3-py3-none-any.whl (324 kB)
Collecting toml>=0.7.1
  Downloading toml-0.10.1-py2.py3-none-any.whl (19 kB)
Collecting isort<5,>=4.2.5
  Downloading isort-4.3.21-py2.py3-none-any.whl (42 kB)
Collecting astroid<=2.5,>=2.4.0
  Downloading astroid-2.4.2-py3-none-any.whl (213 kB)
Collecting mccabe<0.7,>=0.6
  Downloading mccabe-0.6.1-py2.py3-none-any.whl (8.6 kB)
Collecting six~=1.12
  Downloading six-1.15.0-py2.py3-none-any.whl (10 kB)
Collecting wrapt~=1.11
  Downloading wrapt-1.12.1.tar.gz (27 kB)
Collecting typed-ast<1.5,>=1.4.0; implementation_name == "cpython" and python_version < "3.8"
  Downloading typed_ast-1.4.1-cp36-cp36m-manylinux1_x86_64.whl (737 kB)
Collecting lazy-object-proxy==1.4.*
  Downloading lazy_object_proxy-1.4.3-cp36-cp36m-manylinux1_x86_64.whl (55 kB)
Using legacy setup.py install for wrapt, since package 'wheel' is not installed.
Installing collected packages: toml, isort, six, wrapt, typed-ast, lazy-object-proxy, astroid, mccabe, pylint
    Running setup.py install for wrapt: started
    Running setup.py install for wrapt: finished with status 'done'
Successfully installed astroid-2.4.2 isort-4.3.21 lazy-object-proxy-1.4.3 mccabe-0.6.1 pylint-2.5.3 six-1.15.0 toml-0.10.1 typed-ast-1.4.1 wrapt-1.12.1

------------------------------------
Your code has been rated at 10.00/10


Showing logs for build [32mablazleon-jxpy-master-release-8f4nl-27[0m stage [32mfrom-build-pack[0m and container [32mstep-promote-changelog[0m
Converted /workspace/source/charts/**py to an unshallow repository
Generating change log from git ref da6b0ec277ec892275ce762b3ef3aa1ca4f52925 => 08980dd9792849aadad13e187668b8057b9909f8
Associating user ********* in users.jenkins.io with email adrian.blazquez.leon@alumnos.upm.es to git GitProvider user with login -0 as emails match
Adding label jenkins.io/git-github-userid=-0 to user ********* in users.jenkins.io
WARNING: Failed to enrich commit 47483ca7486eeaa8b7654512d5f8462b79d2a697 with issues: User.jenkins.io "*********" is invalid: metadata.labels: Invalid value: "-0": a valid label must be an empty string or consist of alphanumeric characters, '-', '_' or '.', and must start and end with an alphanumeric character (e.g. 'MyValue',  or 'my_value',  or '12345', regex used for validation is '(([A-Za-z0-9][-A-Za-z0-9_.]*)?[A-Za-z0-9])?')
WARNING: Failed to enrich commit 47483ca7486eeaa8b7654512d5f8462b79d2a697 with issues: users.jenkins.io "x-0" already exists
Finding issues in commit messages using git format
WARNING: No release found for *********/**py and tag v0.0.27 so creating a new release
Updated the release information at https://github.com/*********/**py/releases/tag/v0.0.27
generated: /workspace/source/charts/**py/templates/release.yaml
Created Release **py-0-0-27 resource in namespace **
Updating PipelineActivity *********-**py-master-27 with version 0.0.27
Updated PipelineActivities *********-**py-master-27 with release notes URL: https://github.com/*********/**py/releases/tag/v0.0.27

Showing logs for build [32mablazleon-jxpy-master-release-8f4nl-27[0m stage [32mfrom-build-pack[0m and container [32mstep-promote-helm-release[0m
WARNING: No $CHART_REPOSITORY defined so using the default value of: http://jenkins-x-chartmuseum:8080
Adding missing Helm repo: storage.googleapis.com https://storage.googleapis.com/chartmuseum.jenkins-x.io
Successfully added Helm repository storage.googleapis.com.
Adding missing Helm repo: jenkins-x-chartmuseum http://jenkins-x-chartmuseum:8080
Successfully added Helm repository jenkins-x-chartmuseum.
WARNING: No $CHART_REPOSITORY defined so using the default value of: http://jenkins-x-chartmuseum:8080
Uploading chart file **py-0.0.27.tgz to http://jenkins-x-chartmuseum:8080/api/charts
Received 201 response: {"saved":true}

Showing logs for build [32mablazleon-jxpy-master-release-8f4nl-27[0m stage [32mfrom-build-pack[0m and container [32mstep-promote-jx-promote[0m
WARNING: prow based install so skip waiting for the merge of Pull Requests to go green as currently there is an issue with gettingstatuses from the PR, see https://github.com/jenkins-x/**/issues/2410
WARNING: No $CHART_REPOSITORY defined so using the default value of: http://jenkins-x-chartmuseum:8080
Promoting app **py version 0.0.27 to namespace **-staging
Created Pull Request: https://github.com/*********/environment-**gke6-staging/pull/18
Added label updatebot to Pull Request https://github.com/*********/environment-**gke6-staging/pull/18
got git provider status pending from PR https://github.com/*********/environment-**gke6-staging/pull/18
got git provider status pending from PR https://github.com/*********/environment-**gke6-staging/pull/18
got git provider status pending from PR https://github.com/*********/environment-**gke6-staging/pull/18
got git provider status pending from PR https://github.com/*********/environment-**gke6-staging/pull/18
got git provider status pending from PR https://github.com/*********/environment-**gke6-staging/pull/18
Pull Request https://github.com/*********/environment-**gke6-staging/pull/18 is merged at sha 861f967e70ef89ab90f9f065ee00c53492f19f95
Pull Request merged but we are not waiting for the update pipeline to complete!
