
Showing logs for build [32mablazleon-jxpy-master-release-q2g6r-5[0m stage [32mfrom-build-pack[0m and container [32mstep-credential-initializer-znst9[0m
{"level":"info","ts":1593178588.9932983,"logger":"fallback-logger","caller":"logging/config.go:69","msg":"Fetch GitHub commit ID from kodata failed: open /var/run/ko/refs/heads/0.8.0-ns-support: no such file or directory"}
{"level":"info","ts":1593178588.993945,"logger":"fallback-logger","caller":"creds-init/main.go:40","msg":"Credentials initialized."}

Showing logs for build [32mablazleon-jxpy-master-release-q2g6r-5[0m stage [32mfrom-build-pack[0m and container [32mstep-working-dir-initializer-8gl7f[0m
{"level":"info","ts":1593178590.344168,"logger":"fallback-logger","caller":"logging/config.go:69","msg":"Fetch GitHub commit ID from kodata failed: open /var/run/ko/HEAD: no such file or directory"}
{"level":"info","ts":1593178590.3458915,"logger":"fallback-logger","caller":"bash/main.go:64","msg":"Successfully executed command \"sh -c mkdir -p /workspace/source\"; output "}

Showing logs for build [32mablazleon-jxpy-master-release-q2g6r-5[0m stage [32mfrom-build-pack[0m and container [32mstep-place-tools[0m

Showing logs for build [32mablazleon-jxpy-master-release-q2g6r-5[0m stage [32mfrom-build-pack[0m and container [32mstep-git-source-ablazleon-jxpy-master-release-q2g6r-s7fcl[0m
{"level":"info","ts":1593178598.6456366,"logger":"fallback-logger","caller":"logging/config.go:69","msg":"Fetch GitHub commit ID from kodata failed: open /var/run/ko/refs/heads/0.8.0-ns-support: no such file or directory"}
{"level":"info","ts":1593178599.9910097,"logger":"fallback-logger","caller":"git/git.go:103","msg":"Successfully cloned https://github.com/*********/**py.git @ v0.0.5 in path /workspace/source"}

Showing logs for build [32mablazleon-jxpy-master-release-q2g6r-5[0m stage [32mfrom-build-pack[0m and container [32mstep-setup-builder-home[0m

Showing logs for build [32mablazleon-jxpy-master-release-q2g6r-5[0m stage [32mfrom-build-pack[0m and container [32mstep-git-merge[0m
Using SHAs from PULL_REFS=master:1f5af3e66b84fe199102311f0b8d7db89ca7fd52
WARNING: no SHAs to merge, falling back to initial cloned commit

Showing logs for build [32mablazleon-jxpy-master-release-q2g6r-5[0m stage [32mfrom-build-pack[0m and container [32mstep-setup-jx-git-credentials[0m
Generated Git credentials file /workspace/xdg_config/git/credentials

Showing logs for build [32mablazleon-jxpy-master-release-q2g6r-5[0m stage [32mfrom-build-pack[0m and container [32mstep-build-python-unittest[0m

----------------------------------------------------------------------
Ran 0 tests in 0.000s

OK

Showing logs for build [32mablazleon-jxpy-master-release-q2g6r-5[0m stage [32mfrom-build-pack[0m and container [32mstep-build-container-build[0m
E0626 13:36:43.360265      10 aws_credentials.go:77] while getting AWS credentials NoCredentialProviders: no valid providers in chain. Deprecated.
	For verbose messaging see aws.Config.CredentialsChainVerboseErrors
[36mINFO[0m[0001] Using dockerignore file: /workspace/source/.dockerignore 
[36mINFO[0m[0001] Retrieving image manifest python:onbuild     
E0626 13:36:43.839663      10 metadata.go:154] while reading 'google-dockercfg' metadata: http status code: 404 while fetching url http://metadata.google.internal./computeMetadata/v1/instance/attributes/google-dockercfg
E0626 13:36:43.843315      10 metadata.go:166] while reading 'google-dockercfg-url' metadata: http status code: 404 while fetching url http://metadata.google.internal./computeMetadata/v1/instance/attributes/google-dockercfg-url
[36mINFO[0m[0002] Retrieving image manifest python:onbuild     
[36mINFO[0m[0004] Built cross stage deps: map[]                
[36mINFO[0m[0004] Retrieving image manifest python:onbuild     
[36mINFO[0m[0004] Retrieving image manifest python:onbuild     
[36mINFO[0m[0005] Executing 3 build triggers                   
[36mINFO[0m[0005] Checking for cached layer gcr.io/envjenkinsk8udacitycapstone/cache:dc2a839bd6d525fd9783a6852939774c55dc14024a49397cd18ef840aae363e1... 
[36mINFO[0m[0006] Using caching version of cmd: COPY requirements.txt /usr/src/app/ 
[36mINFO[0m[0006] Checking for cached layer gcr.io/envjenkinsk8udacitycapstone/cache:8bf2abf0a84228eb1cc03999f3ee3ce7361230c16e28eae7af74285f6291b7d4... 
[36mINFO[0m[0007] Using caching version of cmd: RUN pip install --no-cache-dir -r requirements.txt 
[36mINFO[0m[0007] Checking for cached layer gcr.io/envjenkinsk8udacitycapstone/cache:42958fda78d250cab8f80f229c7da5292beeef278027557d80846a38b66cb5ed... 
[36mINFO[0m[0007] No cached layer found for cmd COPY . /usr/src/app 
[36mINFO[0m[0007] cmd: EXPOSE                                  
[36mINFO[0m[0007] Adding exposed port: 8080/tcp                
[36mINFO[0m[0007] Unpacking rootfs as cmd COPY . /usr/src/app requires it. 
[36mINFO[0m[0029] COPY requirements.txt /usr/src/app/          
[36mINFO[0m[0029] Found cached layer, extracting to filesystem 
[36mINFO[0m[0029] RUN pip install --no-cache-dir -r requirements.txt 
[36mINFO[0m[0029] Found cached layer, extracting to filesystem 
[36mINFO[0m[0030] COPY . /usr/src/app                          
[36mINFO[0m[0030] Resolving 114 paths                          
[36mINFO[0m[0030] Taking snapshot of files...                  
[36mINFO[0m[0030] Pushing layer gcr.io/envjenkinsk8udacitycapstone/cache:42958fda78d250cab8f80f229c7da5292beeef278027557d80846a38b66cb5ed to cache now 
[36mINFO[0m[0030] COPY requirements.txt .                      
[36mINFO[0m[0030] Resolving 1 paths                            
[36mINFO[0m[0030] Taking snapshot of files...                  
[36mINFO[0m[0030] ENV PORT 8080                                
[36mINFO[0m[0030] No files changed in this command, skipping snapshotting. 
[36mINFO[0m[0030] EXPOSE 8080                                  
[36mINFO[0m[0030] cmd: EXPOSE                                  
[36mINFO[0m[0030] Adding exposed port: 8080/tcp                
[36mINFO[0m[0030] No files changed in this command, skipping snapshotting. 
[36mINFO[0m[0030] ENTRYPOINT ["python"]                        
[36mINFO[0m[0030] No files changed in this command, skipping snapshotting. 
[36mINFO[0m[0030] CMD ["app.py"]                               
[36mINFO[0m[0030] No files changed in this command, skipping snapshotting. 
[36mINFO[0m[0030] Pushing layer gcr.io/envjenkinsk8udacitycapstone/cache:87978142b311ff4ec3c29b8427cd0ca4d760c7dc863334067e917e4e91a6ebd9 to cache now 

Showing logs for build [32mablazleon-jxpy-master-release-q2g6r-5[0m stage [32mfrom-build-pack[0m and container [32mstep-build-post-build[0m
no CVE provider running in the current ** namespace so skip adding image to be analysed

Showing logs for build [32mablazleon-jxpy-master-release-q2g6r-5[0m stage [32mfrom-build-pack[0m and container [32mstep-promote-changelog[0m
Converted /workspace/source/charts/**py to an unshallow repository
Generating change log from git ref 20fbf3fa6bd25f68aa9174723865ee227201b34a => 76318e87170a7de95173803a9638050af5a97673
Associating user ********* in users.jenkins.io with email adrian.blazquez.leon@alumnos.upm.es to git GitProvider user with login -0 as emails match
Adding label jenkins.io/git-github-userid=-0 to user ********* in users.jenkins.io
WARNING: Failed to enrich commit 7c5411a830cd5c4070f4ce08f081435c85a29e33 with issues: User.jenkins.io "*********" is invalid: metadata.labels: Invalid value: "-0": a valid label must be an empty string or consist of alphanumeric characters, '-', '_' or '.', and must start and end with an alphanumeric character (e.g. 'MyValue',  or 'my_value',  or '12345', regex used for validation is '(([A-Za-z0-9][-A-Za-z0-9_.]*)?[A-Za-z0-9])?')
WARNING: Failed to enrich commit 7c5411a830cd5c4070f4ce08f081435c85a29e33 with issues: users.jenkins.io "x-0" already exists
Finding issues in commit messages using git format
WARNING: No release found for *********/**py and tag v0.0.5 so creating a new release
Updated the release information at https://github.com/*********/**py/releases/tag/v0.0.5
generated: /workspace/source/charts/**py/templates/release.yaml
Created Release **py-0-0-5 resource in namespace **
Updating PipelineActivity *********-**py-master-5 with version 0.0.5
Updated PipelineActivities *********-**py-master-5 with release notes URL: https://github.com/*********/**py/releases/tag/v0.0.5

Showing logs for build [32mablazleon-jxpy-master-release-q2g6r-5[0m stage [32mfrom-build-pack[0m and container [32mstep-promote-helm-release[0m
WARNING: No $CHART_REPOSITORY defined so using the default value of: http://jenkins-x-chartmuseum:8080
Adding missing Helm repo: storage.googleapis.com https://storage.googleapis.com/chartmuseum.jenkins-x.io
Successfully added Helm repository storage.googleapis.com.
Adding missing Helm repo: jenkins-x-chartmuseum http://jenkins-x-chartmuseum:8080
Successfully added Helm repository jenkins-x-chartmuseum.
WARNING: No $CHART_REPOSITORY defined so using the default value of: http://jenkins-x-chartmuseum:8080
Uploading chart file **py-0.0.5.tgz to http://jenkins-x-chartmuseum:8080/api/charts
Received 201 response: {"saved":true}

Showing logs for build [32mablazleon-jxpy-master-release-q2g6r-5[0m stage [32mfrom-build-pack[0m and container [32mstep-promote-jx-promote[0m
WARNING: prow based install so skip waiting for the merge of Pull Requests to go green as currently there is an issue with gettingstatuses from the PR, see https://github.com/jenkins-x/**/issues/2410
WARNING: No $CHART_REPOSITORY defined so using the default value of: http://jenkins-x-chartmuseum:8080
Promoting app **py version 0.0.5 to namespace **-staging
Created Pull Request: https://github.com/*********/environment-**gke6-staging/pull/5
Added label updatebot to Pull Request https://github.com/*********/environment-**gke6-staging/pull/5
got git provider status pending from PR https://github.com/*********/environment-**gke6-staging/pull/5
Pull Request https://github.com/*********/environment-**gke6-staging/pull/5 is merged at sha fe8d188c2243dcd438d007978f23c8a9036c1b29
Pull Request merged but we are not waiting for the update pipeline to complete!
