
Showing logs for build [32mablazleon-jxpy-pr-15-pr-build-bsr27-1[0m stage [32mfrom-build-pack[0m and container [32mstep-credential-initializer-mn2vn[0m
{"level":"info","ts":1593186105.0871983,"logger":"fallback-logger","caller":"logging/config.go:69","msg":"Fetch GitHub commit ID from kodata failed: open /var/run/ko/refs/heads/0.8.0-ns-support: no such file or directory"}
{"level":"info","ts":1593186105.0877404,"logger":"fallback-logger","caller":"creds-init/main.go:40","msg":"Credentials initialized."}

Showing logs for build [32mablazleon-jxpy-pr-15-pr-build-bsr27-1[0m stage [32mfrom-build-pack[0m and container [32mstep-working-dir-initializer-cj9xj[0m
{"level":"info","ts":1593186106.500331,"logger":"fallback-logger","caller":"logging/config.go:69","msg":"Fetch GitHub commit ID from kodata failed: open /var/run/ko/HEAD: no such file or directory"}
{"level":"info","ts":1593186106.5016694,"logger":"fallback-logger","caller":"bash/main.go:64","msg":"Successfully executed command \"sh -c mkdir -p /workspace/source\"; output "}

Showing logs for build [32mablazleon-jxpy-pr-15-pr-build-bsr27-1[0m stage [32mfrom-build-pack[0m and container [32mstep-place-tools[0m

Showing logs for build [32mablazleon-jxpy-pr-15-pr-build-bsr27-1[0m stage [32mfrom-build-pack[0m and container [32mstep-git-source-ablazleon-jxpy-pr-15-pr-build-bsr27-wznwj[0m
{"level":"info","ts":1593186113.6811013,"logger":"fallback-logger","caller":"logging/config.go:69","msg":"Fetch GitHub commit ID from kodata failed: open /var/run/ko/refs/heads/0.8.0-ns-support: no such file or directory"}
{"level":"info","ts":1593186115.058274,"logger":"fallback-logger","caller":"git/git.go:103","msg":"Successfully cloned https://github.com/*********/**py.git @ master in path /workspace/source"}

Showing logs for build [32mablazleon-jxpy-pr-15-pr-build-bsr27-1[0m stage [32mfrom-build-pack[0m and container [32mstep-setup-builder-home[0m

Showing logs for build [32mablazleon-jxpy-pr-15-pr-build-bsr27-1[0m stage [32mfrom-build-pack[0m and container [32mstep-git-merge[0m
Using SHAs from PULL_REFS=master:28c89cad6de6d0c6976eed4cfafc3202530c1421,15:16584270e8c4caddb52cd740a0a8aece39ad6cf4
DEBUG: LC_ALL=C JX_LOG_LEVEL=error git fetch origin --unshallow 16584270e8c4caddb52cd740a0a8aece39ad6cf4: 28c89cad6de6d0c6976eed4cfafc3202530c1421:
DEBUG: ran git fetch --unshallow origin 16584270e8c4caddb52cd740a0a8aece39ad6cf4: 28c89cad6de6d0c6976eed4cfafc3202530c1421: in 
DEBUG: LC_ALL=C JX_LOG_LEVEL=error git branch
DEBUG: LC_ALL=C JX_LOG_LEVEL=error git checkout master
DEBUG: ran git checkout master in 
DEBUG: LC_ALL=C JX_LOG_LEVEL=error git reset --hard 28c89cad6de6d0c6976eed4cfafc3202530c1421
DEBUG: ran git reset --hard 28c89cad6de6d0c6976eed4cfafc3202530c1421 in 
DEBUG: JX_LOG_LEVEL=error LC_ALL=C git clean -fd .
DEBUG: ran clean --force -d . in 
DEBUG: LC_ALL=C JX_LOG_LEVEL=error git merge 16584270e8c4caddb52cd740a0a8aece39ad6cf4
DEBUG: ran git merge 16584270e8c4caddb52cd740a0a8aece39ad6cf4 in 
DEBUG: LC_ALL=C JX_LOG_LEVEL=error git log --format=%H%x1f%an%x1f%ae%x1f%cn%x1f%ce%x1f%s%n%b%x1e 28c89cad6de6d0c6976eed4cfafc3202530c1421..HEAD
Merged SHA 16584270e8c4caddb52cd740a0a8aece39ad6cf4 with commit message 'Update jenkins-x.yml' into base branch master

Showing logs for build [32mablazleon-jxpy-pr-15-pr-build-bsr27-1[0m stage [32mfrom-build-pack[0m and container [32mstep-build-python-unittest[0m

----------------------------------------------------------------------
Ran 0 tests in 0.000s

OK

Showing logs for build [32mablazleon-jxpy-pr-15-pr-build-bsr27-1[0m stage [32mfrom-build-pack[0m and container [32mstep-build-container-build[0m
E0626 15:41:59.750091       9 aws_credentials.go:77] while getting AWS credentials NoCredentialProviders: no valid providers in chain. Deprecated.
	For verbose messaging see aws.Config.CredentialsChainVerboseErrors
[36mINFO[0m[0001] Using dockerignore file: /workspace/source/.dockerignore 
[36mINFO[0m[0001] Retrieving image manifest python:onbuild     
E0626 15:42:00.179274       9 metadata.go:154] while reading 'google-dockercfg' metadata: http status code: 404 while fetching url http://metadata.google.internal./computeMetadata/v1/instance/attributes/google-dockercfg
E0626 15:42:00.182456       9 metadata.go:166] while reading 'google-dockercfg-url' metadata: http status code: 404 while fetching url http://metadata.google.internal./computeMetadata/v1/instance/attributes/google-dockercfg-url
[36mINFO[0m[0002] Retrieving image manifest python:onbuild     
[36mINFO[0m[0004] Built cross stage deps: map[]                
[36mINFO[0m[0004] Retrieving image manifest python:onbuild     
[36mINFO[0m[0005] Retrieving image manifest python:onbuild     
[36mINFO[0m[0007] Executing 3 build triggers                   
[36mINFO[0m[0007] Checking for cached layer gcr.io/envjenkinsk8udacitycapstone/cache:dc2a839bd6d525fd9783a6852939774c55dc14024a49397cd18ef840aae363e1... 
[36mINFO[0m[0007] Using caching version of cmd: COPY requirements.txt /usr/src/app/ 
[36mINFO[0m[0007] Checking for cached layer gcr.io/envjenkinsk8udacitycapstone/cache:8bf2abf0a84228eb1cc03999f3ee3ce7361230c16e28eae7af74285f6291b7d4... 
[36mINFO[0m[0008] Using caching version of cmd: RUN pip install --no-cache-dir -r requirements.txt 
[36mINFO[0m[0008] Checking for cached layer gcr.io/envjenkinsk8udacitycapstone/cache:25ea380959ca99b1fc32b4e2c09d4806117545df91753f721baf6ca66fc75929... 
[36mINFO[0m[0008] No cached layer found for cmd COPY . /usr/src/app 
[36mINFO[0m[0008] cmd: EXPOSE                                  
[36mINFO[0m[0008] Adding exposed port: 8080/tcp                
[36mINFO[0m[0008] Unpacking rootfs as cmd COPY . /usr/src/app requires it. 
[36mINFO[0m[0026] COPY requirements.txt /usr/src/app/          
[36mINFO[0m[0026] Found cached layer, extracting to filesystem 
[36mINFO[0m[0026] RUN pip install --no-cache-dir -r requirements.txt 
[36mINFO[0m[0026] Found cached layer, extracting to filesystem 
[36mINFO[0m[0026] COPY . /usr/src/app                          
[36mINFO[0m[0027] Resolving 214 paths                          
[36mINFO[0m[0027] Taking snapshot of files...                  
[36mINFO[0m[0027] COPY requirements.txt .                      
[36mINFO[0m[0027] Resolving 1 paths                            
[36mINFO[0m[0027] Taking snapshot of files...                  
[36mINFO[0m[0027] ENV PORT 8080                                
[36mINFO[0m[0027] No files changed in this command, skipping snapshotting. 
[36mINFO[0m[0027] EXPOSE 8080                                  
[36mINFO[0m[0027] cmd: EXPOSE                                  
[36mINFO[0m[0027] Adding exposed port: 8080/tcp                
[36mINFO[0m[0027] No files changed in this command, skipping snapshotting. 
[36mINFO[0m[0027] ENTRYPOINT ["python"]                        
[36mINFO[0m[0027] No files changed in this command, skipping snapshotting. 
[36mINFO[0m[0027] CMD ["app.py"]                               
[36mINFO[0m[0027] No files changed in this command, skipping snapshotting. 
[36mINFO[0m[0027] Pushing layer gcr.io/envjenkinsk8udacitycapstone/cache:9a59957742aa5331e21a0fa14e46a70558e87fa0b72649010c905e83c661cfc5 to cache now 
[36mINFO[0m[0027] Pushing layer gcr.io/envjenkinsk8udacitycapstone/cache:25ea380959ca99b1fc32b4e2c09d4806117545df91753f721baf6ca66fc75929 to cache now 

Showing logs for build [32mablazleon-jxpy-pr-15-pr-build-bsr27-1[0m stage [32mfrom-build-pack[0m and container [32mstep-postbuild-post-build[0m
no CVE provider running in the current ** namespace so skip adding image to be analysed

Showing logs for build [32mablazleon-jxpy-pr-15-pr-build-bsr27-1[0m stage [32mfrom-build-pack[0m and container [32mstep-promote-make-preview[0m
sed -i -e "s/version:.*/version: 0.0.0-SNAPSHOT-PR-15-1/" Chart.yaml
sed -i -e "s/version:.*/version: 0.0.0-SNAPSHOT-PR-15-1/" ../*/Chart.yaml
sed -i -e "s|repository:.*|repository: gcr.io\/envjenkinsk8udacitycapstone\/**py|" values.yaml
sed -i -e "s/tag:.*/tag: 0.0.0-SNAPSHOT-PR-15-1/" values.yaml
echo "  version: 0.0.0-SNAPSHOT-PR-15-1" >> requirements.yaml
** step helm build
WARNING: No $CHART_REPOSITORY defined so using the default value of: http://jenkins-x-chartmuseum:8080
Adding missing Helm repo: storage.googleapis.com https://storage.googleapis.com/chartmuseum.jenkins-x.io
Successfully added Helm repository storage.googleapis.com.
Adding missing Helm repo: jenkins-x-chartmuseum http://jenkins-x-chartmuseum:8080
Successfully added Helm repository jenkins-x-chartmuseum.
WARNING: No $CHART_REPOSITORY defined so using the default value of: http://jenkins-x-chartmuseum:8080
Adding missing Helm repo: chartmuseum.jenkins-x.io http://chartmuseum.jenkins-x.io
Successfully added Helm repository chartmuseum.jenkins-x.io.

Showing logs for build [32mablazleon-jxpy-pr-15-pr-build-bsr27-1[0m stage [32mfrom-build-pack[0m and container [32mstep-promote-jx-preview[0m
Creating a preview
Found commit author match for: ********* with email address: adrian.blazquez.leon@alumnos.upm.es
Created environment *********-**py-pr-15
Namespace **-*********-**py-pr-15 created 
expose:
  Annotations:
    helm.sh/hook: post-install,post-upgrade
    helm.sh/hook-delete-policy: hook-succeeded
  config:
    domain: 34.91.102.68.nip.io
    exposer: Ingress
    http: "true"
preview:
  image:
    repository: gcr.io/envjenkinsk8udacitycapstone/**py
    tag: 0.0.0-SNAPSHOT-PR-15-1

Updating PipelineActivities *********-**py-pr-15-1 which has status Running
Preview application is now available at: http://**py.**-*********-**py-pr-15.34.91.102.68.nip.io
