
Showing logs for build [32mablazleon-jxpy-pr-33-pr-build-f7b84-1[0m stage [32mfrom-build-pack[0m and container [32mstep-credential-initializer-kvsqs[0m
{"level":"info","ts":1593203215.8010552,"logger":"fallback-logger","caller":"logging/config.go:69","msg":"Fetch GitHub commit ID from kodata failed: open /var/run/ko/refs/heads/0.8.0-ns-support: no such file or directory"}
{"level":"info","ts":1593203215.801653,"logger":"fallback-logger","caller":"creds-init/main.go:40","msg":"Credentials initialized."}

Showing logs for build [32mablazleon-jxpy-pr-33-pr-build-f7b84-1[0m stage [32mfrom-build-pack[0m and container [32mstep-working-dir-initializer-q9h64[0m
{"level":"info","ts":1593203216.619661,"logger":"fallback-logger","caller":"logging/config.go:69","msg":"Fetch GitHub commit ID from kodata failed: open /var/run/ko/HEAD: no such file or directory"}
{"level":"info","ts":1593203216.6212342,"logger":"fallback-logger","caller":"bash/main.go:64","msg":"Successfully executed command \"sh -c mkdir -p /workspace/source\"; output "}

Showing logs for build [32mablazleon-jxpy-pr-33-pr-build-f7b84-1[0m stage [32mfrom-build-pack[0m and container [32mstep-place-tools[0m

Showing logs for build [32mablazleon-jxpy-pr-33-pr-build-f7b84-1[0m stage [32mfrom-build-pack[0m and container [32mstep-git-source-ablazleon-jxpy-pr-33-pr-build-f7b84-2wf2r[0m
{"level":"info","ts":1593203223.7233639,"logger":"fallback-logger","caller":"logging/config.go:69","msg":"Fetch GitHub commit ID from kodata failed: open /var/run/ko/refs/heads/0.8.0-ns-support: no such file or directory"}
{"level":"info","ts":1593203225.9682558,"logger":"fallback-logger","caller":"git/git.go:103","msg":"Successfully cloned https://github.com/*********/**py.git @ master in path /workspace/source"}

Showing logs for build [32mablazleon-jxpy-pr-33-pr-build-f7b84-1[0m stage [32mfrom-build-pack[0m and container [32mstep-setup-builder-home[0m

Showing logs for build [32mablazleon-jxpy-pr-33-pr-build-f7b84-1[0m stage [32mfrom-build-pack[0m and container [32mstep-git-merge[0m
Using SHAs from PULL_REFS=master:f12991651140fd6c28e6cfe4a03cef6fb1c27999,33:72c23346b6fa69194b2257198a7fb97a24225d4e
DEBUG: LC_ALL=C JX_LOG_LEVEL=error git fetch origin --unshallow 72c23346b6fa69194b2257198a7fb97a24225d4e: f12991651140fd6c28e6cfe4a03cef6fb1c27999:
DEBUG: ran git fetch --unshallow origin 72c23346b6fa69194b2257198a7fb97a24225d4e: f12991651140fd6c28e6cfe4a03cef6fb1c27999: in 
DEBUG: LC_ALL=C JX_LOG_LEVEL=error git branch
DEBUG: LC_ALL=C JX_LOG_LEVEL=error git checkout master
DEBUG: ran git checkout master in 
DEBUG: LC_ALL=C JX_LOG_LEVEL=error git reset --hard f12991651140fd6c28e6cfe4a03cef6fb1c27999
DEBUG: ran git reset --hard f12991651140fd6c28e6cfe4a03cef6fb1c27999 in 
DEBUG: LC_ALL=C JX_LOG_LEVEL=error git clean -fd .
DEBUG: ran clean --force -d . in 
DEBUG: LC_ALL=C JX_LOG_LEVEL=error git merge 72c23346b6fa69194b2257198a7fb97a24225d4e
DEBUG: ran git merge 72c23346b6fa69194b2257198a7fb97a24225d4e in 
DEBUG: LC_ALL=C JX_LOG_LEVEL=error git log --format=%H%x1f%an%x1f%ae%x1f%cn%x1f%ce%x1f%s%n%b%x1e f12991651140fd6c28e6cfe4a03cef6fb1c27999..HEAD
Merged SHA 72c23346b6fa69194b2257198a7fb97a24225d4e with commit message 'Update README.md' into base branch master

Showing logs for build [32mablazleon-jxpy-pr-33-pr-build-f7b84-1[0m stage [32mfrom-build-pack[0m and container [32mstep-build-python-unittest[0m

----------------------------------------------------------------------
Ran 0 tests in 0.000s

OK

Showing logs for build [32mablazleon-jxpy-pr-33-pr-build-f7b84-1[0m stage [32mfrom-build-pack[0m and container [32mstep-build-container-build[0m
E0626 20:27:12.274265       9 aws_credentials.go:77] while getting AWS credentials NoCredentialProviders: no valid providers in chain. Deprecated.
	For verbose messaging see aws.Config.CredentialsChainVerboseErrors
[36mINFO[0m[0001] Using dockerignore file: /workspace/source/.dockerignore 
[36mINFO[0m[0001] Retrieving image manifest python:onbuild     
E0626 20:27:12.910375       9 metadata.go:154] while reading 'google-dockercfg' metadata: http status code: 404 while fetching url http://metadata.google.internal./computeMetadata/v1/instance/attributes/google-dockercfg
E0626 20:27:12.913245       9 metadata.go:166] while reading 'google-dockercfg-url' metadata: http status code: 404 while fetching url http://metadata.google.internal./computeMetadata/v1/instance/attributes/google-dockercfg-url
[36mINFO[0m[0003] Retrieving image manifest python:onbuild     
[36mINFO[0m[0004] Built cross stage deps: map[]                
[36mINFO[0m[0004] Retrieving image manifest python:onbuild     
[36mINFO[0m[0005] Retrieving image manifest python:onbuild     
[36mINFO[0m[0006] Executing 3 build triggers                   
[36mINFO[0m[0006] Checking for cached layer gcr.io/envjenkinsk8udacitycapstone/cache:dc2a839bd6d525fd9783a6852939774c55dc14024a49397cd18ef840aae363e1... 
[36mINFO[0m[0007] Using caching version of cmd: COPY requirements.txt /usr/src/app/ 
[36mINFO[0m[0007] Checking for cached layer gcr.io/envjenkinsk8udacitycapstone/cache:8bf2abf0a84228eb1cc03999f3ee3ce7361230c16e28eae7af74285f6291b7d4... 
[36mINFO[0m[0007] Using caching version of cmd: RUN pip install --no-cache-dir -r requirements.txt 
[36mINFO[0m[0007] Checking for cached layer gcr.io/envjenkinsk8udacitycapstone/cache:9d705ebae32daa446a03dc39ba1b920b29ddf3a6562ee10a6b488cc3a08e8c46... 
[36mINFO[0m[0008] No cached layer found for cmd COPY . /usr/src/app 
[36mINFO[0m[0008] cmd: EXPOSE                                  
[36mINFO[0m[0008] Adding exposed port: 8080/tcp                
[36mINFO[0m[0008] Unpacking rootfs as cmd COPY . /usr/src/app requires it. 
[36mINFO[0m[0027] COPY requirements.txt /usr/src/app/          
[36mINFO[0m[0027] Found cached layer, extracting to filesystem 
[36mINFO[0m[0028] RUN pip install --no-cache-dir -r requirements.txt 
[36mINFO[0m[0028] Found cached layer, extracting to filesystem 
[36mINFO[0m[0028] COPY . /usr/src/app                          
[36mINFO[0m[0028] Resolving 130 paths                          
[36mINFO[0m[0028] Taking snapshot of files...                  
[36mINFO[0m[0029] Pushing layer gcr.io/envjenkinsk8udacitycapstone/cache:9d705ebae32daa446a03dc39ba1b920b29ddf3a6562ee10a6b488cc3a08e8c46 to cache now 
[36mINFO[0m[0029] COPY requirements.txt .                      
[36mINFO[0m[0029] Resolving 1 paths                            
[36mINFO[0m[0029] Taking snapshot of files...                  
[36mINFO[0m[0029] ENV PORT 8080                                
[36mINFO[0m[0029] No files changed in this command, skipping snapshotting. 
[36mINFO[0m[0029] EXPOSE 8080                                  
[36mINFO[0m[0029] cmd: EXPOSE                                  
[36mINFO[0m[0029] Adding exposed port: 8080/tcp                
[36mINFO[0m[0029] No files changed in this command, skipping snapshotting. 
[36mINFO[0m[0029] ENTRYPOINT ["python"]                        
[36mINFO[0m[0029] No files changed in this command, skipping snapshotting. 
[36mINFO[0m[0029] CMD ["app.py"]                               
[36mINFO[0m[0029] No files changed in this command, skipping snapshotting. 
[36mINFO[0m[0029] Pushing layer gcr.io/envjenkinsk8udacitycapstone/cache:2792d9fd16c895ef7c71fe2a19c9e7a838bee4775001d1ff4773a5b4bbb30721 to cache now 

Showing logs for build [32mablazleon-jxpy-pr-33-pr-build-f7b84-1[0m stage [32mfrom-build-pack[0m and container [32mstep-postbuild-post-build[0m
no CVE provider running in the current ** namespace so skip adding image to be analysed

Showing logs for build [32mablazleon-jxpy-pr-33-pr-build-f7b84-1[0m stage [32mfrom-build-pack[0m and container [32mstep-promote-make-preview[0m
sed -i -e "s/version:.*/version: 0.0.0-SNAPSHOT-PR-33-1/" Chart.yaml
sed -i -e "s/version:.*/version: 0.0.0-SNAPSHOT-PR-33-1/" ../*/Chart.yaml
sed -i -e "s|repository:.*|repository: gcr.io\/envjenkinsk8udacitycapstone\/**py|" values.yaml
sed -i -e "s/tag:.*/tag: 0.0.0-SNAPSHOT-PR-33-1/" values.yaml
echo "  version: 0.0.0-SNAPSHOT-PR-33-1" >> requirements.yaml
** step helm build
WARNING: No $CHART_REPOSITORY defined so using the default value of: http://jenkins-x-chartmuseum:8080
Adding missing Helm repo: storage.googleapis.com https://storage.googleapis.com/chartmuseum.jenkins-x.io
Successfully added Helm repository storage.googleapis.com.
Adding missing Helm repo: jenkins-x-chartmuseum http://jenkins-x-chartmuseum:8080
Successfully added Helm repository jenkins-x-chartmuseum.
WARNING: No $CHART_REPOSITORY defined so using the default value of: http://jenkins-x-chartmuseum:8080
Adding missing Helm repo: chartmuseum.jenkins-x.io http://chartmuseum.jenkins-x.io
Successfully added Helm repository chartmuseum.jenkins-x.io.

Showing logs for build [32mablazleon-jxpy-pr-33-pr-build-f7b84-1[0m stage [32mfrom-build-pack[0m and container [32mstep-promote-jx-preview[0m
Creating a preview
Found commit author match for: ********* with email address: adrian.blazquez.leon@alumnos.upm.es
Created environment *********-**py-pr-33
Namespace **-*********-**py-pr-33 created 
expose:
  Annotations:
    helm.sh/hook: post-install,post-upgrade
    helm.sh/hook-delete-policy: hook-succeeded
  config:
    domain: 34.91.102.68.nip.io
    exposer: Ingress
    http: "true"
preview:
  image:
    repository: gcr.io/envjenkinsk8udacitycapstone/**py
    tag: 0.0.0-SNAPSHOT-PR-33-1

Updating PipelineActivities *********-**py-pr-33-1 which has status Running
Preview application is now available at: http://**py.**-*********-**py-pr-33.34.91.102.68.nip.io
