
Showing logs for build [32mablazleon-jxpy-pr-25-pr-build-tjtvl-1[0m stage [32mfrom-build-pack[0m and container [32mstep-credential-initializer-slx2d[0m
{"level":"info","ts":1593189381.2124236,"logger":"fallback-logger","caller":"logging/config.go:69","msg":"Fetch GitHub commit ID from kodata failed: open /var/run/ko/refs/heads/0.8.0-ns-support: no such file or directory"}
{"level":"info","ts":1593189381.2129197,"logger":"fallback-logger","caller":"creds-init/main.go:40","msg":"Credentials initialized."}

Showing logs for build [32mablazleon-jxpy-pr-25-pr-build-tjtvl-1[0m stage [32mfrom-build-pack[0m and container [32mstep-working-dir-initializer-nx86c[0m
{"level":"info","ts":1593189381.698349,"logger":"fallback-logger","caller":"logging/config.go:69","msg":"Fetch GitHub commit ID from kodata failed: open /var/run/ko/HEAD: no such file or directory"}
{"level":"info","ts":1593189381.7011294,"logger":"fallback-logger","caller":"bash/main.go:64","msg":"Successfully executed command \"sh -c mkdir -p /workspace/source\"; output "}

Showing logs for build [32mablazleon-jxpy-pr-25-pr-build-tjtvl-1[0m stage [32mfrom-build-pack[0m and container [32mstep-place-tools[0m

Showing logs for build [32mablazleon-jxpy-pr-25-pr-build-tjtvl-1[0m stage [32mfrom-build-pack[0m and container [32mstep-git-source-ablazleon-jxpy-pr-25-pr-build-tjtvl-ztm9j[0m
{"level":"info","ts":1593189388.8706977,"logger":"fallback-logger","caller":"logging/config.go:69","msg":"Fetch GitHub commit ID from kodata failed: open /var/run/ko/refs/heads/0.8.0-ns-support: no such file or directory"}
{"level":"info","ts":1593189390.2725458,"logger":"fallback-logger","caller":"git/git.go:103","msg":"Successfully cloned https://github.com/*********/**py.git @ master in path /workspace/source"}

Showing logs for build [32mablazleon-jxpy-pr-25-pr-build-tjtvl-1[0m stage [32mfrom-build-pack[0m and container [32mstep-setup-builder-home[0m

Showing logs for build [32mablazleon-jxpy-pr-25-pr-build-tjtvl-1[0m stage [32mfrom-build-pack[0m and container [32mstep-git-merge[0m
Using SHAs from PULL_REFS=master:49894740d859c2b656b6e995855eebd26c61538a,25:1ab4a3a45a884868c87078a095ff645384b0d312
DEBUG: LC_ALL=C JX_LOG_LEVEL=error git fetch origin --unshallow 1ab4a3a45a884868c87078a095ff645384b0d312: 49894740d859c2b656b6e995855eebd26c61538a:
DEBUG: ran git fetch --unshallow origin 1ab4a3a45a884868c87078a095ff645384b0d312: 49894740d859c2b656b6e995855eebd26c61538a: in 
DEBUG: LC_ALL=C JX_LOG_LEVEL=error git branch
DEBUG: LC_ALL=C JX_LOG_LEVEL=error git checkout master
DEBUG: ran git checkout master in 
DEBUG: LC_ALL=C JX_LOG_LEVEL=error git reset --hard 49894740d859c2b656b6e995855eebd26c61538a
DEBUG: ran git reset --hard 49894740d859c2b656b6e995855eebd26c61538a in 
DEBUG: LC_ALL=C JX_LOG_LEVEL=error git clean -fd .
DEBUG: ran clean --force -d . in 
DEBUG: LC_ALL=C JX_LOG_LEVEL=error git merge 1ab4a3a45a884868c87078a095ff645384b0d312
DEBUG: ran git merge 1ab4a3a45a884868c87078a095ff645384b0d312 in 
DEBUG: LC_ALL=C JX_LOG_LEVEL=error git log --format=%H%x1f%an%x1f%ae%x1f%cn%x1f%ce%x1f%s%n%b%x1e 49894740d859c2b656b6e995855eebd26c61538a..HEAD
Merged SHA 1ab4a3a45a884868c87078a095ff645384b0d312 with commit message 'Update app.py' into base branch master

Showing logs for build [32mablazleon-jxpy-pr-25-pr-build-tjtvl-1[0m stage [32mfrom-build-pack[0m and container [32mstep-build-python-unittest[0m

----------------------------------------------------------------------
Ran 0 tests in 0.000s

OK

Showing logs for build [32mablazleon-jxpy-pr-25-pr-build-tjtvl-1[0m stage [32mfrom-build-pack[0m and container [32mstep-build-container-build[0m
E0626 16:36:35.124655       9 aws_credentials.go:77] while getting AWS credentials NoCredentialProviders: no valid providers in chain. Deprecated.
	For verbose messaging see aws.Config.CredentialsChainVerboseErrors
[36mINFO[0m[0001] Using dockerignore file: /workspace/source/.dockerignore 
[36mINFO[0m[0001] Retrieving image manifest python:onbuild     
E0626 16:36:35.524786       9 metadata.go:154] while reading 'google-dockercfg' metadata: http status code: 404 while fetching url http://metadata.google.internal./computeMetadata/v1/instance/attributes/google-dockercfg
E0626 16:36:35.529083       9 metadata.go:166] while reading 'google-dockercfg-url' metadata: http status code: 404 while fetching url http://metadata.google.internal./computeMetadata/v1/instance/attributes/google-dockercfg-url
[36mINFO[0m[0002] Retrieving image manifest python:onbuild     
[36mINFO[0m[0003] Built cross stage deps: map[]                
[36mINFO[0m[0003] Retrieving image manifest python:onbuild     
[36mINFO[0m[0004] Retrieving image manifest python:onbuild     
[36mINFO[0m[0005] Executing 3 build triggers                   
[36mINFO[0m[0005] Checking for cached layer gcr.io/envjenkinsk8udacitycapstone/cache:dc2a839bd6d525fd9783a6852939774c55dc14024a49397cd18ef840aae363e1... 
[36mINFO[0m[0005] Using caching version of cmd: COPY requirements.txt /usr/src/app/ 
[36mINFO[0m[0005] Checking for cached layer gcr.io/envjenkinsk8udacitycapstone/cache:8bf2abf0a84228eb1cc03999f3ee3ce7361230c16e28eae7af74285f6291b7d4... 
[36mINFO[0m[0006] Using caching version of cmd: RUN pip install --no-cache-dir -r requirements.txt 
[36mINFO[0m[0006] Checking for cached layer gcr.io/envjenkinsk8udacitycapstone/cache:b32e37468d5f122de47db4c69756ac339080000f7b8063afc0408ef408cd5258... 
[36mINFO[0m[0007] No cached layer found for cmd COPY . /usr/src/app 
[36mINFO[0m[0007] cmd: EXPOSE                                  
[36mINFO[0m[0007] Adding exposed port: 8080/tcp                
[36mINFO[0m[0007] Unpacking rootfs as cmd COPY . /usr/src/app requires it. 
[36mINFO[0m[0023] COPY requirements.txt /usr/src/app/          
[36mINFO[0m[0023] Found cached layer, extracting to filesystem 
[36mINFO[0m[0023] RUN pip install --no-cache-dir -r requirements.txt 
[36mINFO[0m[0023] Found cached layer, extracting to filesystem 
[36mINFO[0m[0024] COPY . /usr/src/app                          
[36mINFO[0m[0024] Resolving 272 paths                          
[36mINFO[0m[0024] Taking snapshot of files...                  
[36mINFO[0m[0024] Pushing layer gcr.io/envjenkinsk8udacitycapstone/cache:b32e37468d5f122de47db4c69756ac339080000f7b8063afc0408ef408cd5258 to cache now 
[36mINFO[0m[0024] COPY requirements.txt .                      
[36mINFO[0m[0024] Resolving 1 paths                            
[36mINFO[0m[0024] Taking snapshot of files...                  
[36mINFO[0m[0024] ENV PORT 8080                                
[36mINFO[0m[0024] No files changed in this command, skipping snapshotting. 
[36mINFO[0m[0024] EXPOSE 8080                                  
[36mINFO[0m[0024] cmd: EXPOSE                                  
[36mINFO[0m[0024] Adding exposed port: 8080/tcp                
[36mINFO[0m[0024] No files changed in this command, skipping snapshotting. 
[36mINFO[0m[0024] ENTRYPOINT ["python"]                        
[36mINFO[0m[0024] No files changed in this command, skipping snapshotting. 
[36mINFO[0m[0024] CMD ["app.py"]                               
[36mINFO[0m[0024] No files changed in this command, skipping snapshotting. 
[36mINFO[0m[0024] Pushing layer gcr.io/envjenkinsk8udacitycapstone/cache:d2bdf1341b14ded7bcb5968eb125d6f51dfd2c4c3cebffb9b348ad4513f6fae1 to cache now 

Showing logs for build [32mablazleon-jxpy-pr-25-pr-build-tjtvl-1[0m stage [32mfrom-build-pack[0m and container [32mstep-postbuild-post-build[0m
no CVE provider running in the current ** namespace so skip adding image to be analysed

Showing logs for build [32mablazleon-jxpy-pr-25-pr-build-tjtvl-1[0m stage [32mfrom-build-pack[0m and container [32mstep-promote-make-preview[0m
sed -i -e "s/version:.*/version: 0.0.0-SNAPSHOT-PR-25-1/" Chart.yaml
sed -i -e "s/version:.*/version: 0.0.0-SNAPSHOT-PR-25-1/" ../*/Chart.yaml
sed -i -e "s|repository:.*|repository: gcr.io\/envjenkinsk8udacitycapstone\/**py|" values.yaml
sed -i -e "s/tag:.*/tag: 0.0.0-SNAPSHOT-PR-25-1/" values.yaml
echo "  version: 0.0.0-SNAPSHOT-PR-25-1" >> requirements.yaml
** step helm build
WARNING: No $CHART_REPOSITORY defined so using the default value of: http://jenkins-x-chartmuseum:8080
Adding missing Helm repo: storage.googleapis.com https://storage.googleapis.com/chartmuseum.jenkins-x.io
Successfully added Helm repository storage.googleapis.com.
Adding missing Helm repo: jenkins-x-chartmuseum http://jenkins-x-chartmuseum:8080
Successfully added Helm repository jenkins-x-chartmuseum.
WARNING: No $CHART_REPOSITORY defined so using the default value of: http://jenkins-x-chartmuseum:8080
Adding missing Helm repo: chartmuseum.jenkins-x.io http://chartmuseum.jenkins-x.io
Successfully added Helm repository chartmuseum.jenkins-x.io.

Showing logs for build [32mablazleon-jxpy-pr-25-pr-build-tjtvl-1[0m stage [32mfrom-build-pack[0m and container [32mstep-promote-jx-preview[0m
Creating a preview
Found commit author match for: ********* with email address: adrian.blazquez.leon@alumnos.upm.es
Created environment *********-**py-pr-25
Namespace **-*********-**py-pr-25 created 
expose:
  Annotations:
    helm.sh/hook: post-install,post-upgrade
    helm.sh/hook-delete-policy: hook-succeeded
  config:
    domain: 34.91.102.68.nip.io
    exposer: Ingress
    http: "true"
preview:
  image:
    repository: gcr.io/envjenkinsk8udacitycapstone/**py
    tag: 0.0.0-SNAPSHOT-PR-25-1

Updating PipelineActivities *********-**py-pr-25-1 which has status Running
Preview application is now available at: http://**py.**-*********-**py-pr-25.34.91.102.68.nip.io
